2020-05-08 12:17:00,745 INFO o.a.j.u.JMeterUtils: Setting Locale to en_EN
2020-05-08 12:17:01,089 INFO o.a.j.JMeter: Loading user properties from: /home/goncalo/Desktop/apache-jmeter-5.2.1/bin/user.properties
2020-05-08 12:17:01,108 INFO o.a.j.JMeter: Loading system properties from: /home/goncalo/Desktop/apache-jmeter-5.2.1/bin/system.properties
2020-05-08 12:17:01,126 INFO o.a.j.JMeter: Copyright (c) 1998-2019 The Apache Software Foundation
2020-05-08 12:17:01,126 INFO o.a.j.JMeter: Version 5.2.1
2020-05-08 12:17:01,127 INFO o.a.j.JMeter: java.version=11.0.7
2020-05-08 12:17:01,127 INFO o.a.j.JMeter: java.vm.name=OpenJDK 64-Bit Server VM
2020-05-08 12:17:01,127 INFO o.a.j.JMeter: os.name=Linux
2020-05-08 12:17:01,127 INFO o.a.j.JMeter: os.arch=amd64
2020-05-08 12:17:01,127 INFO o.a.j.JMeter: os.version=4.15.0-99-generic
2020-05-08 12:17:01,127 INFO o.a.j.JMeter: file.encoding=UTF-8
2020-05-08 12:17:01,127 INFO o.a.j.JMeter: java.awt.headless=null
2020-05-08 12:17:01,128 INFO o.a.j.JMeter: Max memory     =1073741824
2020-05-08 12:17:01,128 INFO o.a.j.JMeter: Available Processors =2
2020-05-08 12:17:01,194 INFO o.a.j.JMeter: Default Locale=English (EN)
2020-05-08 12:17:01,195 INFO o.a.j.JMeter: JMeter  Locale=English (EN)
2020-05-08 12:17:01,196 INFO o.a.j.JMeter: JMeterHome=/home/goncalo/Desktop/apache-jmeter-5.2.1
2020-05-08 12:17:01,196 INFO o.a.j.JMeter: user.dir  =/home/goncalo/Desktop/git/es20tg_37-project/frontend
2020-05-08 12:17:01,196 INFO o.a.j.JMeter: PWD       =/home/goncalo/Desktop/git/es20tg_37-project/frontend
2020-05-08 12:17:01,196 INFO o.a.j.JMeter: IP: 127.0.1.1 Name: goncalo-VirtualBox FullName: goncalo-VirtualBox
2020-05-08 12:17:05,174 INFO o.a.j.g.a.LookAndFeelCommand: Installing Darcula LAF
2020-05-08 12:17:05,648 INFO o.a.j.g.a.LookAndFeelCommand: Using look and feel: com.bulenkov.darcula.DarculaLaf [Darcula]
2020-05-08 12:17:05,648 INFO o.a.j.JMeter: Setting LAF to: com.bulenkov.darcula.DarculaLaf
2020-05-08 12:17:06,108 INFO o.a.j.JMeter: Loaded icon properties from org/apache/jmeter/images/icon.properties
2020-05-08 12:17:17,252 INFO o.a.j.p.h.s.HTTPSamplerBase: Parser for text/html is org.apache.jmeter.protocol.http.parser.LagartoBasedHtmlParser
2020-05-08 12:17:17,254 INFO o.a.j.p.h.s.HTTPSamplerBase: Parser for application/xhtml+xml is org.apache.jmeter.protocol.http.parser.LagartoBasedHtmlParser
2020-05-08 12:17:17,254 INFO o.a.j.p.h.s.HTTPSamplerBase: Parser for application/xml is org.apache.jmeter.protocol.http.parser.LagartoBasedHtmlParser
2020-05-08 12:17:17,255 INFO o.a.j.p.h.s.HTTPSamplerBase: Parser for text/xml is org.apache.jmeter.protocol.http.parser.LagartoBasedHtmlParser
2020-05-08 12:17:17,255 INFO o.a.j.p.h.s.HTTPSamplerBase: Parser for text/vnd.wap.wml is org.apache.jmeter.protocol.http.parser.RegexpHTMLParser
2020-05-08 12:17:17,256 INFO o.a.j.p.h.s.HTTPSamplerBase: Parser for text/css is org.apache.jmeter.protocol.http.parser.CssParser
2020-05-08 12:17:18,375 INFO o.a.j.e.KeyToolUtils: keytool found at 'keytool'
2020-05-08 12:17:18,376 INFO o.a.j.p.h.p.ProxyControl: HTTP(S) Test Script Recorder SSL Proxy will use keys that support embedded 3rd party resources in file /home/goncalo/Desktop/apache-jmeter-5.2.1/bin/proxyserver.jks
2020-05-08 12:17:18,713 INFO o.a.j.s.FileServer: Default base='/home/goncalo/Desktop/git/es20tg_37-project/frontend'
2020-05-08 12:17:19,738 INFO o.a.j.s.SampleResult: Note: Sample TimeStamps are START times
2020-05-08 12:17:19,739 INFO o.a.j.s.SampleResult: sampleresult.default.encoding is set to ISO-8859-1
2020-05-08 12:17:19,739 INFO o.a.j.s.SampleResult: sampleresult.useNanoTime=true
2020-05-08 12:17:19,739 INFO o.a.j.s.SampleResult: sampleresult.nanoThreadSleep=5000
2020-05-08 12:17:19,807 INFO o.a.j.v.ViewResultsFullVisualizer: Add JavaFX to your Java installation if you want to use renderer: org.apache.jmeter.visualizers.RenderInBrowser
2020-05-08 12:17:24,189 INFO o.a.j.g.a.Load: Loading file: /home/goncalo/Desktop/git/es20tg_37-project/backend/jmeter/questionSuggestion/WSAcceptQuestionSuggestionTest.jmx
2020-05-08 12:17:24,190 INFO o.a.j.s.FileServer: Set new base='/home/goncalo/Desktop/git/es20tg_37-project/backend/jmeter/questionSuggestion'
2020-05-08 12:17:24,629 INFO o.a.j.s.SaveService: Testplan (JMX) version: 2.2. Testlog (JTL) version: 2.2
2020-05-08 12:17:24,719 INFO o.a.j.s.SaveService: Using SaveService properties version 5.0
2020-05-08 12:17:24,723 INFO o.a.j.s.SaveService: Using SaveService properties file encoding UTF-8
2020-05-08 12:17:24,738 INFO o.a.j.s.SaveService: Loading file: /home/goncalo/Desktop/git/es20tg_37-project/backend/jmeter/questionSuggestion/WSAcceptQuestionSuggestionTest.jmx
2020-05-08 12:17:25,335 INFO o.a.j.v.ViewResultsFullVisualizer: Add JavaFX to your Java installation if you want to use renderer: org.apache.jmeter.visualizers.RenderInBrowser
2020-05-08 12:17:25,518 INFO o.a.j.v.ViewResultsFullVisualizer: Add JavaFX to your Java installation if you want to use renderer: org.apache.jmeter.visualizers.RenderInBrowser
2020-05-08 12:17:25,629 INFO o.a.j.s.FileServer: Set new base='/home/goncalo/Desktop/git/es20tg_37-project/backend/jmeter/questionSuggestion'
2020-05-08 12:17:47,942 INFO o.a.j.v.ViewResultsFullVisualizer: Add JavaFX to your Java installation if you want to use renderer: org.apache.jmeter.visualizers.RenderInBrowser
