2020-04-19 13:07:39,445 INFO o.a.j.u.JMeterUtils: Setting Locale to en_EN
2020-04-19 13:07:39,467 INFO o.a.j.JMeter: Loading user properties from: /home/lucas/Desktop/apache-jmeter-5.2.1/bin/user.properties
2020-04-19 13:07:39,468 INFO o.a.j.JMeter: Loading system properties from: /home/lucas/Desktop/apache-jmeter-5.2.1/bin/system.properties
2020-04-19 13:07:39,469 INFO o.a.j.JMeter: Copyright (c) 1998-2019 The Apache Software Foundation
2020-04-19 13:07:39,469 INFO o.a.j.JMeter: Version 5.2.1
2020-04-19 13:07:39,469 INFO o.a.j.JMeter: java.version=11.0.6
2020-04-19 13:07:39,470 INFO o.a.j.JMeter: java.vm.name=OpenJDK 64-Bit Server VM
2020-04-19 13:07:39,470 INFO o.a.j.JMeter: os.name=Linux
2020-04-19 13:07:39,470 INFO o.a.j.JMeter: os.arch=amd64
2020-04-19 13:07:39,470 INFO o.a.j.JMeter: os.version=4.15.0-91-generic
2020-04-19 13:07:39,470 INFO o.a.j.JMeter: file.encoding=UTF-8
2020-04-19 13:07:39,470 INFO o.a.j.JMeter: java.awt.headless=null
2020-04-19 13:07:39,470 INFO o.a.j.JMeter: Max memory     =1073741824
2020-04-19 13:07:39,470 INFO o.a.j.JMeter: Available Processors =8
2020-04-19 13:07:39,478 INFO o.a.j.JMeter: Default Locale=English (EN)
2020-04-19 13:07:39,478 INFO o.a.j.JMeter: JMeter  Locale=English (EN)
2020-04-19 13:07:39,478 INFO o.a.j.JMeter: JMeterHome=/home/lucas/Desktop/apache-jmeter-5.2.1
2020-04-19 13:07:39,478 INFO o.a.j.JMeter: user.dir  =/home/lucas/Desktop/Git/es20tg_37-project/backend/jmeter
2020-04-19 13:07:39,479 INFO o.a.j.JMeter: PWD       =/home/lucas/Desktop/Git/es20tg_37-project/backend/jmeter
2020-04-19 13:07:39,479 INFO o.a.j.JMeter: IP: 127.0.1.1 Name: Skeleton FullName: Skeleton
2020-04-19 13:07:40,023 INFO o.a.j.g.a.LookAndFeelCommand: Installing Darcula LAF
2020-04-19 13:07:40,051 INFO o.a.j.g.a.LookAndFeelCommand: Using look and feel: com.bulenkov.darcula.DarculaLaf [Darcula]
2020-04-19 13:07:40,052 INFO o.a.j.JMeter: Setting LAF to: com.bulenkov.darcula.DarculaLaf
2020-04-19 13:07:40,139 INFO o.a.j.JMeter: Loaded icon properties from org/apache/jmeter/images/icon.properties
2020-04-19 13:07:41,612 INFO o.a.j.p.h.s.HTTPSamplerBase: Parser for text/html is org.apache.jmeter.protocol.http.parser.LagartoBasedHtmlParser
2020-04-19 13:07:41,613 INFO o.a.j.p.h.s.HTTPSamplerBase: Parser for application/xhtml+xml is org.apache.jmeter.protocol.http.parser.LagartoBasedHtmlParser
2020-04-19 13:07:41,613 INFO o.a.j.p.h.s.HTTPSamplerBase: Parser for application/xml is org.apache.jmeter.protocol.http.parser.LagartoBasedHtmlParser
2020-04-19 13:07:41,613 INFO o.a.j.p.h.s.HTTPSamplerBase: Parser for text/xml is org.apache.jmeter.protocol.http.parser.LagartoBasedHtmlParser
2020-04-19 13:07:41,613 INFO o.a.j.p.h.s.HTTPSamplerBase: Parser for text/vnd.wap.wml is org.apache.jmeter.protocol.http.parser.RegexpHTMLParser
2020-04-19 13:07:41,613 INFO o.a.j.p.h.s.HTTPSamplerBase: Parser for text/css is org.apache.jmeter.protocol.http.parser.CssParser
2020-04-19 13:07:41,836 INFO o.a.j.e.KeyToolUtils: keytool found at 'keytool'
2020-04-19 13:07:41,837 INFO o.a.j.p.h.p.ProxyControl: HTTP(S) Test Script Recorder SSL Proxy will use keys that support embedded 3rd party resources in file /home/lucas/Desktop/apache-jmeter-5.2.1/bin/proxyserver.jks
2020-04-19 13:07:41,919 INFO o.a.j.s.FileServer: Default base='/home/lucas/Desktop/Git/es20tg_37-project/backend/jmeter'
2020-04-19 13:07:42,216 INFO o.a.j.s.SampleResult: Note: Sample TimeStamps are START times
2020-04-19 13:07:42,216 INFO o.a.j.s.SampleResult: sampleresult.default.encoding is set to ISO-8859-1
2020-04-19 13:07:42,216 INFO o.a.j.s.SampleResult: sampleresult.useNanoTime=true
2020-04-19 13:07:42,216 INFO o.a.j.s.SampleResult: sampleresult.nanoThreadSleep=5000
2020-04-19 13:07:42,231 INFO o.a.j.v.ViewResultsFullVisualizer: Add JavaFX to your Java installation if you want to use renderer: org.apache.jmeter.visualizers.RenderInBrowser
2020-04-19 13:07:47,539 INFO o.a.j.g.a.Load: Loading file: /home/lucas/Desktop/Git/es20tg_37-project/backend/jmeter/statement/WSGetSolvedQuizTest.jmx
2020-04-19 13:07:47,539 INFO o.a.j.s.FileServer: Set new base='/home/lucas/Desktop/Git/es20tg_37-project/backend/jmeter/statement'
2020-04-19 13:07:47,686 INFO o.a.j.s.SaveService: Testplan (JMX) version: 2.2. Testlog (JTL) version: 2.2
2020-04-19 13:07:47,696 INFO o.a.j.s.SaveService: Using SaveService properties version 5.0
2020-04-19 13:07:47,699 INFO o.a.j.s.SaveService: Using SaveService properties file encoding UTF-8
2020-04-19 13:07:47,701 INFO o.a.j.s.SaveService: Loading file: /home/lucas/Desktop/Git/es20tg_37-project/backend/jmeter/statement/WSGetSolvedQuizTest.jmx
2020-04-19 13:07:47,910 INFO o.a.j.v.ViewResultsFullVisualizer: Add JavaFX to your Java installation if you want to use renderer: org.apache.jmeter.visualizers.RenderInBrowser
2020-04-19 13:07:47,950 INFO o.a.j.v.ViewResultsFullVisualizer: Add JavaFX to your Java installation if you want to use renderer: org.apache.jmeter.visualizers.RenderInBrowser
2020-04-19 13:07:47,972 INFO o.a.j.s.FileServer: Set new base='/home/lucas/Desktop/Git/es20tg_37-project/backend/jmeter/statement'
2020-04-19 13:16:59,231 INFO o.a.j.e.StandardJMeterEngine: Running the test!
2020-04-19 13:16:59,233 INFO o.a.j.s.SampleEvent: List of sample_variables: []
2020-04-19 13:16:59,233 INFO o.a.j.s.SampleEvent: List of sample_variables: []
2020-04-19 13:16:59,235 INFO o.a.j.e.u.CompoundVariable: Note: Function class names must contain the string: '.functions.'
2020-04-19 13:16:59,235 INFO o.a.j.e.u.CompoundVariable: Note: Function class names must not contain the string: '.gui.'
2020-04-19 13:16:59,458 ERROR o.a.j.u.BeanShellInterpreter: Error invoking bsh method: eval	In file: inline evaluation of: ``import org.apache.jmeter.services.FileServer fileserver.getFileServer().getBaseD . . . '' Encountered "fileserver" at line 1, column 46.

2020-04-19 13:16:59,458 WARN o.a.j.f.BeanShell: Error running BSH script
org.apache.jorphan.util.JMeterException: Error invoking bsh method: eval	In file: inline evaluation of: ``import org.apache.jmeter.services.FileServer fileserver.getFileServer().getBaseD . . . '' Encountered "fileserver" at line 1, column 46.

	at org.apache.jmeter.util.BeanShellInterpreter.bshInvoke(BeanShellInterpreter.java:180) ~[ApacheJMeter_core.jar:5.2.1]
	at org.apache.jmeter.util.BeanShellInterpreter.eval(BeanShellInterpreter.java:186) ~[ApacheJMeter_core.jar:5.2.1]
	at org.apache.jmeter.functions.BeanShell.execute(BeanShell.java:100) [ApacheJMeter_functions.jar:5.2.1]
	at org.apache.jmeter.engine.util.CompoundVariable.execute(CompoundVariable.java:136) [ApacheJMeter_core.jar:5.2.1]
	at org.apache.jmeter.engine.util.CompoundVariable.execute(CompoundVariable.java:111) [ApacheJMeter_core.jar:5.2.1]
	at org.apache.jmeter.testelement.property.FunctionProperty.getStringValue(FunctionProperty.java:92) [ApacheJMeter_core.jar:5.2.1]
	at org.apache.jmeter.testelement.AbstractTestElement.getPropertyAsString(AbstractTestElement.java:281) [ApacheJMeter_core.jar:5.2.1]
	at org.apache.jmeter.config.Argument.getValue(Argument.java:146) [ApacheJMeter_core.jar:5.2.1]
	at org.apache.jmeter.config.Arguments.getArgumentsAsMap(Arguments.java:94) [ApacheJMeter_core.jar:5.2.1]
	at org.apache.jmeter.engine.PreCompiler.createArgumentsMap(PreCompiler.java:114) [ApacheJMeter_core.jar:5.2.1]
	at org.apache.jmeter.engine.PreCompiler.addNode(PreCompiler.java:101) [ApacheJMeter_core.jar:5.2.1]
	at org.apache.jorphan.collections.HashTree.traverseInto(HashTree.java:994) [jorphan.jar:5.2.1]
	at org.apache.jorphan.collections.HashTree.traverse(HashTree.java:977) [jorphan.jar:5.2.1]
	at org.apache.jmeter.engine.StandardJMeterEngine.run(StandardJMeterEngine.java:362) [ApacheJMeter_core.jar:5.2.1]
	at java.lang.Thread.run(Thread.java:834) [?:?]
Caused by: java.lang.reflect.InvocationTargetException
	at jdk.internal.reflect.NativeMethodAccessorImpl.invoke0(Native Method) ~[?:?]
	at jdk.internal.reflect.NativeMethodAccessorImpl.invoke(NativeMethodAccessorImpl.java:62) ~[?:?]
	at jdk.internal.reflect.DelegatingMethodAccessorImpl.invoke(DelegatingMethodAccessorImpl.java:43) ~[?:?]
	at java.lang.reflect.Method.invoke(Method.java:566) ~[?:?]
	at org.apache.jmeter.util.BeanShellInterpreter.bshInvoke(BeanShellInterpreter.java:163) ~[ApacheJMeter_core.jar:5.2.1]
	... 14 more
Caused by: bsh.ParseException: In file: inline evaluation of: ``import org.apache.jmeter.services.FileServer fileserver.getFileServer().getBaseD . . . '' Encountered "fileserver" at line 1, column 46.

	at bsh.Parser.generateParseException(Parser.java:6106) ~[bsh-2.0b6.jar:2.0b6 2016-02-05 05:16:19]
	at bsh.Parser.jj_consume_token(Parser.java:5977) ~[bsh-2.0b6.jar:2.0b6 2016-02-05 05:16:19]
	at bsh.Parser.ImportDeclaration(Parser.java:480) ~[bsh-2.0b6.jar:2.0b6 2016-02-05 05:16:19]
	at bsh.Parser.BlockStatement(Parser.java:2823) ~[bsh-2.0b6.jar:2.0b6 2016-02-05 05:16:19]
	at bsh.Parser.Line(Parser.java:172) ~[bsh-2.0b6.jar:2.0b6 2016-02-05 05:16:19]
	at bsh.Interpreter.Line(Interpreter.java:1011) ~[bsh-2.0b6.jar:2.0b6 2016-02-05 05:16:19]
	at bsh.Interpreter.eval(Interpreter.java:641) ~[bsh-2.0b6.jar:2.0b6 2016-02-05 05:16:19]
	at bsh.Interpreter.eval(Interpreter.java:750) ~[bsh-2.0b6.jar:2.0b6 2016-02-05 05:16:19]
	at bsh.Interpreter.eval(Interpreter.java:739) ~[bsh-2.0b6.jar:2.0b6 2016-02-05 05:16:19]
	at jdk.internal.reflect.NativeMethodAccessorImpl.invoke0(Native Method) ~[?:?]
	at jdk.internal.reflect.NativeMethodAccessorImpl.invoke(NativeMethodAccessorImpl.java:62) ~[?:?]
	at jdk.internal.reflect.DelegatingMethodAccessorImpl.invoke(DelegatingMethodAccessorImpl.java:43) ~[?:?]
	at java.lang.reflect.Method.invoke(Method.java:566) ~[?:?]
	at org.apache.jmeter.util.BeanShellInterpreter.bshInvoke(BeanShellInterpreter.java:163) ~[ApacheJMeter_core.jar:5.2.1]
	... 14 more
2020-04-19 13:16:59,467 ERROR o.a.j.p.j.c.DataSourceElement: JDBC data source already defined for: sampleReq
2020-04-19 13:16:59,467 INFO o.a.j.g.u.JMeterMenuBar: setRunning(true, *local*)
2020-04-19 13:16:59,532 INFO o.a.j.e.StandardJMeterEngine: Starting ThreadGroup: 1 : Thread Group
2020-04-19 13:16:59,532 INFO o.a.j.e.StandardJMeterEngine: Starting 1 threads for group Thread Group.
2020-04-19 13:16:59,532 INFO o.a.j.e.StandardJMeterEngine: Thread will continue on error
2020-04-19 13:16:59,532 INFO o.a.j.t.ThreadGroup: Starting thread group... number=1 threads=1 ramp-up=1 delayedStart=false
2020-04-19 13:16:59,542 INFO o.a.j.t.ThreadGroup: Started thread group number 1
2020-04-19 13:16:59,543 INFO o.a.j.e.StandardJMeterEngine: All thread groups have been started
2020-04-19 13:16:59,548 INFO o.a.j.t.JMeterThread: Thread started: Thread Group 1-1
2020-04-19 13:16:59,825 INFO o.a.j.p.h.s.HTTPHCAbstractImpl: Local host = Skeleton
2020-04-19 13:16:59,829 INFO o.a.j.p.h.s.HTTPHC4Impl: HTTP request retry count = 0
2020-04-19 13:17:00,700 INFO o.a.j.t.JMeterThread: Thread is done: Thread Group 1-1
2020-04-19 13:17:00,700 INFO o.a.j.t.JMeterThread: Thread finished: Thread Group 1-1
2020-04-19 13:17:00,701 INFO o.a.j.e.StandardJMeterEngine: Starting tearDown thread groups
2020-04-19 13:17:00,701 INFO o.a.j.e.StandardJMeterEngine: Starting tearDown ThreadGroup: 1 : tearDown Thread Group
2020-04-19 13:17:00,701 INFO o.a.j.e.StandardJMeterEngine: Starting 1 threads for group tearDown Thread Group.
2020-04-19 13:17:00,701 INFO o.a.j.e.StandardJMeterEngine: Thread will continue on error
2020-04-19 13:17:00,701 INFO o.a.j.t.ThreadGroup: Starting thread group... number=1 threads=1 ramp-up=1 delayedStart=false
2020-04-19 13:17:00,702 INFO o.a.j.t.ThreadGroup: Started thread group number 1
2020-04-19 13:17:00,702 INFO o.a.j.t.JMeterThread: Thread started: tearDown Thread Group 1-1
2020-04-19 13:17:00,752 INFO o.a.j.t.JMeterThread: Thread is done: tearDown Thread Group 1-1
2020-04-19 13:17:00,753 INFO o.a.j.t.JMeterThread: Thread finished: tearDown Thread Group 1-1
2020-04-19 13:17:00,753 INFO o.a.j.e.StandardJMeterEngine: Notifying test listeners of end of test
2020-04-19 13:17:00,756 INFO o.a.j.g.u.JMeterMenuBar: setRunning(false, *local*)
2020-04-19 13:17:27,408 INFO o.a.j.g.a.Load: Loading file: /home/lucas/Desktop/Git/es20tg_37-project/backend/jmeter/questionDiscussion/WSGetClarificationRequestsTest.jmx
2020-04-19 13:17:27,409 INFO o.a.j.s.FileServer: Set new base='/home/lucas/Desktop/Git/es20tg_37-project/backend/jmeter/questionDiscussion'
2020-04-19 13:17:27,409 INFO o.a.j.s.SaveService: Loading file: /home/lucas/Desktop/Git/es20tg_37-project/backend/jmeter/questionDiscussion/WSGetClarificationRequestsTest.jmx
2020-04-19 13:17:27,453 INFO o.a.j.v.ViewResultsFullVisualizer: Add JavaFX to your Java installation if you want to use renderer: org.apache.jmeter.visualizers.RenderInBrowser
2020-04-19 13:17:27,494 INFO o.a.j.v.ViewResultsFullVisualizer: Add JavaFX to your Java installation if you want to use renderer: org.apache.jmeter.visualizers.RenderInBrowser
2020-04-19 13:17:27,518 INFO o.a.j.s.FileServer: Set new base='/home/lucas/Desktop/Git/es20tg_37-project/backend/jmeter/questionDiscussion'
2020-04-19 13:17:38,414 INFO o.a.j.g.a.Load: Loading file: /home/lucas/Desktop/Git/es20tg_37-project/backend/jmeter/questionDiscussion/WSCreateClarificationRequestAnswerTest.jmx
2020-04-19 13:17:38,415 INFO o.a.j.s.FileServer: Set new base='/home/lucas/Desktop/Git/es20tg_37-project/backend/jmeter/questionDiscussion'
2020-04-19 13:17:38,415 INFO o.a.j.s.SaveService: Loading file: /home/lucas/Desktop/Git/es20tg_37-project/backend/jmeter/questionDiscussion/WSCreateClarificationRequestAnswerTest.jmx
2020-04-19 13:17:38,475 INFO o.a.j.v.ViewResultsFullVisualizer: Add JavaFX to your Java installation if you want to use renderer: org.apache.jmeter.visualizers.RenderInBrowser
2020-04-19 13:17:38,518 INFO o.a.j.v.ViewResultsFullVisualizer: Add JavaFX to your Java installation if you want to use renderer: org.apache.jmeter.visualizers.RenderInBrowser
2020-04-19 13:17:38,538 INFO o.a.j.s.FileServer: Set new base='/home/lucas/Desktop/Git/es20tg_37-project/backend/jmeter/questionDiscussion'
2020-04-19 13:17:52,839 INFO o.a.j.g.a.Load: Loading file: /home/lucas/Desktop/Git/es20tg_37-project/backend/jmeter/statement/WSGetSolvedQuizTest.jmx
2020-04-19 13:17:52,839 INFO o.a.j.s.FileServer: Set new base='/home/lucas/Desktop/Git/es20tg_37-project/backend/jmeter/statement'
2020-04-19 13:17:52,839 INFO o.a.j.s.SaveService: Loading file: /home/lucas/Desktop/Git/es20tg_37-project/backend/jmeter/statement/WSGetSolvedQuizTest.jmx
2020-04-19 13:17:52,871 INFO o.a.j.v.ViewResultsFullVisualizer: Add JavaFX to your Java installation if you want to use renderer: org.apache.jmeter.visualizers.RenderInBrowser
2020-04-19 13:17:52,910 INFO o.a.j.v.ViewResultsFullVisualizer: Add JavaFX to your Java installation if you want to use renderer: org.apache.jmeter.visualizers.RenderInBrowser
2020-04-19 13:17:52,938 INFO o.a.j.s.FileServer: Set new base='/home/lucas/Desktop/Git/es20tg_37-project/backend/jmeter/statement'
2020-04-19 13:18:09,698 INFO o.a.j.e.StandardJMeterEngine: Running the test!
2020-04-19 13:18:09,699 INFO o.a.j.s.SampleEvent: List of sample_variables: []
2020-04-19 13:18:09,703 ERROR o.a.j.u.BeanShellInterpreter: Error invoking bsh method: eval	In file: inline evaluation of: ``import org.apache.jmeter.services.FileServer fileserver.getFileServer().getBaseD . . . '' Encountered "fileserver" at line 1, column 46.

2020-04-19 13:18:09,703 WARN o.a.j.f.BeanShell: Error running BSH script
org.apache.jorphan.util.JMeterException: Error invoking bsh method: eval	In file: inline evaluation of: ``import org.apache.jmeter.services.FileServer fileserver.getFileServer().getBaseD . . . '' Encountered "fileserver" at line 1, column 46.

	at org.apache.jmeter.util.BeanShellInterpreter.bshInvoke(BeanShellInterpreter.java:180) ~[ApacheJMeter_core.jar:5.2.1]
	at org.apache.jmeter.util.BeanShellInterpreter.eval(BeanShellInterpreter.java:186) ~[ApacheJMeter_core.jar:5.2.1]
	at org.apache.jmeter.functions.BeanShell.execute(BeanShell.java:100) [ApacheJMeter_functions.jar:5.2.1]
	at org.apache.jmeter.engine.util.CompoundVariable.execute(CompoundVariable.java:136) [ApacheJMeter_core.jar:5.2.1]
	at org.apache.jmeter.engine.util.CompoundVariable.execute(CompoundVariable.java:111) [ApacheJMeter_core.jar:5.2.1]
	at org.apache.jmeter.testelement.property.FunctionProperty.getStringValue(FunctionProperty.java:92) [ApacheJMeter_core.jar:5.2.1]
	at org.apache.jmeter.testelement.AbstractTestElement.getPropertyAsString(AbstractTestElement.java:281) [ApacheJMeter_core.jar:5.2.1]
	at org.apache.jmeter.config.Argument.getValue(Argument.java:146) [ApacheJMeter_core.jar:5.2.1]
	at org.apache.jmeter.config.Arguments.getArgumentsAsMap(Arguments.java:94) [ApacheJMeter_core.jar:5.2.1]
	at org.apache.jmeter.engine.PreCompiler.createArgumentsMap(PreCompiler.java:114) [ApacheJMeter_core.jar:5.2.1]
	at org.apache.jmeter.engine.PreCompiler.addNode(PreCompiler.java:101) [ApacheJMeter_core.jar:5.2.1]
	at org.apache.jorphan.collections.HashTree.traverseInto(HashTree.java:994) [jorphan.jar:5.2.1]
	at org.apache.jorphan.collections.HashTree.traverse(HashTree.java:977) [jorphan.jar:5.2.1]
	at org.apache.jmeter.engine.StandardJMeterEngine.run(StandardJMeterEngine.java:362) [ApacheJMeter_core.jar:5.2.1]
	at java.lang.Thread.run(Thread.java:834) [?:?]
Caused by: java.lang.reflect.InvocationTargetException
	at jdk.internal.reflect.NativeMethodAccessorImpl.invoke0(Native Method) ~[?:?]
	at jdk.internal.reflect.NativeMethodAccessorImpl.invoke(NativeMethodAccessorImpl.java:62) ~[?:?]
	at jdk.internal.reflect.DelegatingMethodAccessorImpl.invoke(DelegatingMethodAccessorImpl.java:43) ~[?:?]
	at java.lang.reflect.Method.invoke(Method.java:566) ~[?:?]
	at org.apache.jmeter.util.BeanShellInterpreter.bshInvoke(BeanShellInterpreter.java:163) ~[ApacheJMeter_core.jar:5.2.1]
	... 14 more
Caused by: bsh.ParseException: In file: inline evaluation of: ``import org.apache.jmeter.services.FileServer fileserver.getFileServer().getBaseD . . . '' Encountered "fileserver" at line 1, column 46.

	at bsh.Parser.generateParseException(Parser.java:6106) ~[bsh-2.0b6.jar:2.0b6 2016-02-05 05:16:19]
	at bsh.Parser.jj_consume_token(Parser.java:5977) ~[bsh-2.0b6.jar:2.0b6 2016-02-05 05:16:19]
	at bsh.Parser.ImportDeclaration(Parser.java:480) ~[bsh-2.0b6.jar:2.0b6 2016-02-05 05:16:19]
	at bsh.Parser.BlockStatement(Parser.java:2823) ~[bsh-2.0b6.jar:2.0b6 2016-02-05 05:16:19]
	at bsh.Parser.Line(Parser.java:172) ~[bsh-2.0b6.jar:2.0b6 2016-02-05 05:16:19]
	at bsh.Interpreter.Line(Interpreter.java:1011) ~[bsh-2.0b6.jar:2.0b6 2016-02-05 05:16:19]
	at bsh.Interpreter.eval(Interpreter.java:641) ~[bsh-2.0b6.jar:2.0b6 2016-02-05 05:16:19]
	at bsh.Interpreter.eval(Interpreter.java:750) ~[bsh-2.0b6.jar:2.0b6 2016-02-05 05:16:19]
	at bsh.Interpreter.eval(Interpreter.java:739) ~[bsh-2.0b6.jar:2.0b6 2016-02-05 05:16:19]
	at jdk.internal.reflect.NativeMethodAccessorImpl.invoke0(Native Method) ~[?:?]
	at jdk.internal.reflect.NativeMethodAccessorImpl.invoke(NativeMethodAccessorImpl.java:62) ~[?:?]
	at jdk.internal.reflect.DelegatingMethodAccessorImpl.invoke(DelegatingMethodAccessorImpl.java:43) ~[?:?]
	at java.lang.reflect.Method.invoke(Method.java:566) ~[?:?]
	at org.apache.jmeter.util.BeanShellInterpreter.bshInvoke(BeanShellInterpreter.java:163) ~[ApacheJMeter_core.jar:5.2.1]
	... 14 more
2020-04-19 13:18:09,707 ERROR o.a.j.p.j.c.DataSourceElement: JDBC data source already defined for: sampleReq
2020-04-19 13:18:09,707 INFO o.a.j.g.u.JMeterMenuBar: setRunning(true, *local*)
2020-04-19 13:18:09,779 INFO o.a.j.e.StandardJMeterEngine: Starting ThreadGroup: 1 : Thread Group
2020-04-19 13:18:09,779 INFO o.a.j.e.StandardJMeterEngine: Starting 1 threads for group Thread Group.
2020-04-19 13:18:09,780 INFO o.a.j.e.StandardJMeterEngine: Thread will continue on error
2020-04-19 13:18:09,780 INFO o.a.j.t.ThreadGroup: Starting thread group... number=1 threads=1 ramp-up=1 delayedStart=false
2020-04-19 13:18:09,786 INFO o.a.j.t.ThreadGroup: Started thread group number 1
2020-04-19 13:18:09,786 INFO o.a.j.e.StandardJMeterEngine: All thread groups have been started
2020-04-19 13:18:09,786 INFO o.a.j.t.JMeterThread: Thread started: Thread Group 1-1
2020-04-19 13:18:09,882 INFO o.a.j.t.JMeterThread: Thread is done: Thread Group 1-1
2020-04-19 13:18:09,883 INFO o.a.j.t.JMeterThread: Thread finished: Thread Group 1-1
2020-04-19 13:18:09,883 INFO o.a.j.e.StandardJMeterEngine: Starting tearDown thread groups
2020-04-19 13:18:09,883 INFO o.a.j.e.StandardJMeterEngine: Starting tearDown ThreadGroup: 1 : tearDown Thread Group
2020-04-19 13:18:09,883 INFO o.a.j.e.StandardJMeterEngine: Starting 1 threads for group tearDown Thread Group.
2020-04-19 13:18:09,883 INFO o.a.j.e.StandardJMeterEngine: Thread will continue on error
2020-04-19 13:18:09,883 INFO o.a.j.t.ThreadGroup: Starting thread group... number=1 threads=1 ramp-up=1 delayedStart=false
2020-04-19 13:18:09,884 INFO o.a.j.t.ThreadGroup: Started thread group number 1
2020-04-19 13:18:09,884 INFO o.a.j.t.JMeterThread: Thread started: tearDown Thread Group 1-1
2020-04-19 13:18:09,922 INFO o.a.j.t.JMeterThread: Thread is done: tearDown Thread Group 1-1
2020-04-19 13:18:09,922 INFO o.a.j.t.JMeterThread: Thread finished: tearDown Thread Group 1-1
2020-04-19 13:18:09,922 INFO o.a.j.e.StandardJMeterEngine: Notifying test listeners of end of test
2020-04-19 13:18:09,925 INFO o.a.j.g.u.JMeterMenuBar: setRunning(false, *local*)
2020-04-19 13:18:59,235 INFO o.a.j.e.StandardJMeterEngine: Running the test!
2020-04-19 13:18:59,236 INFO o.a.j.s.SampleEvent: List of sample_variables: []
2020-04-19 13:18:59,240 ERROR o.a.j.u.BeanShellInterpreter: Error invoking bsh method: eval	In file: inline evaluation of: ``import org.apache.jmeter.services.FileServer fileserver.getFileServer().getBaseD . . . '' Encountered "fileserver" at line 1, column 46.

2020-04-19 13:18:59,241 WARN o.a.j.f.BeanShell: Error running BSH script
org.apache.jorphan.util.JMeterException: Error invoking bsh method: eval	In file: inline evaluation of: ``import org.apache.jmeter.services.FileServer fileserver.getFileServer().getBaseD . . . '' Encountered "fileserver" at line 1, column 46.

	at org.apache.jmeter.util.BeanShellInterpreter.bshInvoke(BeanShellInterpreter.java:180) ~[ApacheJMeter_core.jar:5.2.1]
	at org.apache.jmeter.util.BeanShellInterpreter.eval(BeanShellInterpreter.java:186) ~[ApacheJMeter_core.jar:5.2.1]
	at org.apache.jmeter.functions.BeanShell.execute(BeanShell.java:100) [ApacheJMeter_functions.jar:5.2.1]
	at org.apache.jmeter.engine.util.CompoundVariable.execute(CompoundVariable.java:136) [ApacheJMeter_core.jar:5.2.1]
	at org.apache.jmeter.engine.util.CompoundVariable.execute(CompoundVariable.java:111) [ApacheJMeter_core.jar:5.2.1]
	at org.apache.jmeter.testelement.property.FunctionProperty.getStringValue(FunctionProperty.java:92) [ApacheJMeter_core.jar:5.2.1]
	at org.apache.jmeter.testelement.AbstractTestElement.getPropertyAsString(AbstractTestElement.java:281) [ApacheJMeter_core.jar:5.2.1]
	at org.apache.jmeter.config.Argument.getValue(Argument.java:146) [ApacheJMeter_core.jar:5.2.1]
	at org.apache.jmeter.config.Arguments.getArgumentsAsMap(Arguments.java:94) [ApacheJMeter_core.jar:5.2.1]
	at org.apache.jmeter.engine.PreCompiler.createArgumentsMap(PreCompiler.java:114) [ApacheJMeter_core.jar:5.2.1]
	at org.apache.jmeter.engine.PreCompiler.addNode(PreCompiler.java:101) [ApacheJMeter_core.jar:5.2.1]
	at org.apache.jorphan.collections.HashTree.traverseInto(HashTree.java:994) [jorphan.jar:5.2.1]
	at org.apache.jorphan.collections.HashTree.traverse(HashTree.java:977) [jorphan.jar:5.2.1]
	at org.apache.jmeter.engine.StandardJMeterEngine.run(StandardJMeterEngine.java:362) [ApacheJMeter_core.jar:5.2.1]
	at java.lang.Thread.run(Thread.java:834) [?:?]
Caused by: java.lang.reflect.InvocationTargetException
	at jdk.internal.reflect.NativeMethodAccessorImpl.invoke0(Native Method) ~[?:?]
	at jdk.internal.reflect.NativeMethodAccessorImpl.invoke(NativeMethodAccessorImpl.java:62) ~[?:?]
	at jdk.internal.reflect.DelegatingMethodAccessorImpl.invoke(DelegatingMethodAccessorImpl.java:43) ~[?:?]
	at java.lang.reflect.Method.invoke(Method.java:566) ~[?:?]
	at org.apache.jmeter.util.BeanShellInterpreter.bshInvoke(BeanShellInterpreter.java:163) ~[ApacheJMeter_core.jar:5.2.1]
	... 14 more
Caused by: bsh.ParseException: In file: inline evaluation of: ``import org.apache.jmeter.services.FileServer fileserver.getFileServer().getBaseD . . . '' Encountered "fileserver" at line 1, column 46.

	at bsh.Parser.generateParseException(Parser.java:6106) ~[bsh-2.0b6.jar:2.0b6 2016-02-05 05:16:19]
	at bsh.Parser.jj_consume_token(Parser.java:5977) ~[bsh-2.0b6.jar:2.0b6 2016-02-05 05:16:19]
	at bsh.Parser.ImportDeclaration(Parser.java:480) ~[bsh-2.0b6.jar:2.0b6 2016-02-05 05:16:19]
	at bsh.Parser.BlockStatement(Parser.java:2823) ~[bsh-2.0b6.jar:2.0b6 2016-02-05 05:16:19]
	at bsh.Parser.Line(Parser.java:172) ~[bsh-2.0b6.jar:2.0b6 2016-02-05 05:16:19]
	at bsh.Interpreter.Line(Interpreter.java:1011) ~[bsh-2.0b6.jar:2.0b6 2016-02-05 05:16:19]
	at bsh.Interpreter.eval(Interpreter.java:641) ~[bsh-2.0b6.jar:2.0b6 2016-02-05 05:16:19]
	at bsh.Interpreter.eval(Interpreter.java:750) ~[bsh-2.0b6.jar:2.0b6 2016-02-05 05:16:19]
	at bsh.Interpreter.eval(Interpreter.java:739) ~[bsh-2.0b6.jar:2.0b6 2016-02-05 05:16:19]
	at jdk.internal.reflect.NativeMethodAccessorImpl.invoke0(Native Method) ~[?:?]
	at jdk.internal.reflect.NativeMethodAccessorImpl.invoke(NativeMethodAccessorImpl.java:62) ~[?:?]
	at jdk.internal.reflect.DelegatingMethodAccessorImpl.invoke(DelegatingMethodAccessorImpl.java:43) ~[?:?]
	at java.lang.reflect.Method.invoke(Method.java:566) ~[?:?]
	at org.apache.jmeter.util.BeanShellInterpreter.bshInvoke(BeanShellInterpreter.java:163) ~[ApacheJMeter_core.jar:5.2.1]
	... 14 more
2020-04-19 13:18:59,243 ERROR o.a.j.p.j.c.DataSourceElement: JDBC data source already defined for: sampleReq
2020-04-19 13:18:59,244 INFO o.a.j.g.u.JMeterMenuBar: setRunning(true, *local*)
2020-04-19 13:18:59,244 INFO o.a.j.e.StandardJMeterEngine: Starting ThreadGroup: 1 : Thread Group
2020-04-19 13:18:59,245 INFO o.a.j.e.StandardJMeterEngine: Starting 1 threads for group Thread Group.
2020-04-19 13:18:59,245 INFO o.a.j.e.StandardJMeterEngine: Thread will continue on error
2020-04-19 13:18:59,245 INFO o.a.j.t.ThreadGroup: Starting thread group... number=1 threads=1 ramp-up=1 delayedStart=false
2020-04-19 13:18:59,260 INFO o.a.j.t.ThreadGroup: Started thread group number 1
2020-04-19 13:18:59,260 INFO o.a.j.e.StandardJMeterEngine: All thread groups have been started
2020-04-19 13:18:59,260 INFO o.a.j.t.JMeterThread: Thread started: Thread Group 1-1
2020-04-19 13:18:59,351 INFO o.a.j.t.JMeterThread: Thread is done: Thread Group 1-1
2020-04-19 13:18:59,352 INFO o.a.j.t.JMeterThread: Thread finished: Thread Group 1-1
2020-04-19 13:18:59,352 INFO o.a.j.e.StandardJMeterEngine: Starting tearDown thread groups
2020-04-19 13:18:59,352 INFO o.a.j.e.StandardJMeterEngine: Starting tearDown ThreadGroup: 1 : tearDown Thread Group
2020-04-19 13:18:59,352 INFO o.a.j.e.StandardJMeterEngine: Starting 1 threads for group tearDown Thread Group.
2020-04-19 13:18:59,352 INFO o.a.j.e.StandardJMeterEngine: Thread will continue on error
2020-04-19 13:18:59,352 INFO o.a.j.t.ThreadGroup: Starting thread group... number=1 threads=1 ramp-up=1 delayedStart=false
2020-04-19 13:18:59,353 INFO o.a.j.t.ThreadGroup: Started thread group number 1
2020-04-19 13:18:59,353 INFO o.a.j.t.JMeterThread: Thread started: tearDown Thread Group 1-1
2020-04-19 13:18:59,401 INFO o.a.j.t.JMeterThread: Thread is done: tearDown Thread Group 1-1
2020-04-19 13:18:59,401 INFO o.a.j.t.JMeterThread: Thread finished: tearDown Thread Group 1-1
2020-04-19 13:18:59,401 INFO o.a.j.e.StandardJMeterEngine: Notifying test listeners of end of test
2020-04-19 13:18:59,405 INFO o.a.j.g.u.JMeterMenuBar: setRunning(false, *local*)
2020-04-19 13:22:03,241 INFO o.a.j.e.StandardJMeterEngine: Running the test!
2020-04-19 13:22:03,241 INFO o.a.j.s.SampleEvent: List of sample_variables: []
2020-04-19 13:22:03,246 ERROR o.a.j.u.BeanShellInterpreter: Error invoking bsh method: eval	In file: inline evaluation of: ``import org.apache.jmeter.services.FileServer fileserver.getFileServer().getBaseD . . . '' Encountered "fileserver" at line 1, column 46.

2020-04-19 13:22:03,247 WARN o.a.j.f.BeanShell: Error running BSH script
org.apache.jorphan.util.JMeterException: Error invoking bsh method: eval	In file: inline evaluation of: ``import org.apache.jmeter.services.FileServer fileserver.getFileServer().getBaseD . . . '' Encountered "fileserver" at line 1, column 46.

	at org.apache.jmeter.util.BeanShellInterpreter.bshInvoke(BeanShellInterpreter.java:180) ~[ApacheJMeter_core.jar:5.2.1]
	at org.apache.jmeter.util.BeanShellInterpreter.eval(BeanShellInterpreter.java:186) ~[ApacheJMeter_core.jar:5.2.1]
	at org.apache.jmeter.functions.BeanShell.execute(BeanShell.java:100) [ApacheJMeter_functions.jar:5.2.1]
	at org.apache.jmeter.engine.util.CompoundVariable.execute(CompoundVariable.java:136) [ApacheJMeter_core.jar:5.2.1]
	at org.apache.jmeter.engine.util.CompoundVariable.execute(CompoundVariable.java:111) [ApacheJMeter_core.jar:5.2.1]
	at org.apache.jmeter.testelement.property.FunctionProperty.getStringValue(FunctionProperty.java:92) [ApacheJMeter_core.jar:5.2.1]
	at org.apache.jmeter.testelement.AbstractTestElement.getPropertyAsString(AbstractTestElement.java:281) [ApacheJMeter_core.jar:5.2.1]
	at org.apache.jmeter.config.Argument.getValue(Argument.java:146) [ApacheJMeter_core.jar:5.2.1]
	at org.apache.jmeter.config.Arguments.getArgumentsAsMap(Arguments.java:94) [ApacheJMeter_core.jar:5.2.1]
	at org.apache.jmeter.engine.PreCompiler.createArgumentsMap(PreCompiler.java:114) [ApacheJMeter_core.jar:5.2.1]
	at org.apache.jmeter.engine.PreCompiler.addNode(PreCompiler.java:101) [ApacheJMeter_core.jar:5.2.1]
	at org.apache.jorphan.collections.HashTree.traverseInto(HashTree.java:994) [jorphan.jar:5.2.1]
	at org.apache.jorphan.collections.HashTree.traverse(HashTree.java:977) [jorphan.jar:5.2.1]
	at org.apache.jmeter.engine.StandardJMeterEngine.run(StandardJMeterEngine.java:362) [ApacheJMeter_core.jar:5.2.1]
	at java.lang.Thread.run(Thread.java:834) [?:?]
Caused by: java.lang.reflect.InvocationTargetException
	at jdk.internal.reflect.NativeMethodAccessorImpl.invoke0(Native Method) ~[?:?]
	at jdk.internal.reflect.NativeMethodAccessorImpl.invoke(NativeMethodAccessorImpl.java:62) ~[?:?]
	at jdk.internal.reflect.DelegatingMethodAccessorImpl.invoke(DelegatingMethodAccessorImpl.java:43) ~[?:?]
	at java.lang.reflect.Method.invoke(Method.java:566) ~[?:?]
	at org.apache.jmeter.util.BeanShellInterpreter.bshInvoke(BeanShellInterpreter.java:163) ~[ApacheJMeter_core.jar:5.2.1]
	... 14 more
Caused by: bsh.ParseException: In file: inline evaluation of: ``import org.apache.jmeter.services.FileServer fileserver.getFileServer().getBaseD . . . '' Encountered "fileserver" at line 1, column 46.

	at bsh.Parser.generateParseException(Parser.java:6106) ~[bsh-2.0b6.jar:2.0b6 2016-02-05 05:16:19]
	at bsh.Parser.jj_consume_token(Parser.java:5977) ~[bsh-2.0b6.jar:2.0b6 2016-02-05 05:16:19]
	at bsh.Parser.ImportDeclaration(Parser.java:480) ~[bsh-2.0b6.jar:2.0b6 2016-02-05 05:16:19]
	at bsh.Parser.BlockStatement(Parser.java:2823) ~[bsh-2.0b6.jar:2.0b6 2016-02-05 05:16:19]
	at bsh.Parser.Line(Parser.java:172) ~[bsh-2.0b6.jar:2.0b6 2016-02-05 05:16:19]
	at bsh.Interpreter.Line(Interpreter.java:1011) ~[bsh-2.0b6.jar:2.0b6 2016-02-05 05:16:19]
	at bsh.Interpreter.eval(Interpreter.java:641) ~[bsh-2.0b6.jar:2.0b6 2016-02-05 05:16:19]
	at bsh.Interpreter.eval(Interpreter.java:750) ~[bsh-2.0b6.jar:2.0b6 2016-02-05 05:16:19]
	at bsh.Interpreter.eval(Interpreter.java:739) ~[bsh-2.0b6.jar:2.0b6 2016-02-05 05:16:19]
	at jdk.internal.reflect.NativeMethodAccessorImpl.invoke0(Native Method) ~[?:?]
	at jdk.internal.reflect.NativeMethodAccessorImpl.invoke(NativeMethodAccessorImpl.java:62) ~[?:?]
	at jdk.internal.reflect.DelegatingMethodAccessorImpl.invoke(DelegatingMethodAccessorImpl.java:43) ~[?:?]
	at java.lang.reflect.Method.invoke(Method.java:566) ~[?:?]
	at org.apache.jmeter.util.BeanShellInterpreter.bshInvoke(BeanShellInterpreter.java:163) ~[ApacheJMeter_core.jar:5.2.1]
	... 14 more
2020-04-19 13:22:03,254 ERROR o.a.j.p.j.c.DataSourceElement: JDBC data source already defined for: sampleReq
2020-04-19 13:22:03,255 INFO o.a.j.g.u.JMeterMenuBar: setRunning(true, *local*)
2020-04-19 13:22:03,307 INFO o.a.j.e.StandardJMeterEngine: Starting ThreadGroup: 1 : Thread Group
2020-04-19 13:22:03,307 INFO o.a.j.e.StandardJMeterEngine: Starting 1 threads for group Thread Group.
2020-04-19 13:22:03,307 INFO o.a.j.e.StandardJMeterEngine: Thread will continue on error
2020-04-19 13:22:03,307 INFO o.a.j.t.ThreadGroup: Starting thread group... number=1 threads=1 ramp-up=1 delayedStart=false
2020-04-19 13:22:03,312 INFO o.a.j.t.ThreadGroup: Started thread group number 1
2020-04-19 13:22:03,312 INFO o.a.j.e.StandardJMeterEngine: All thread groups have been started
2020-04-19 13:22:03,312 INFO o.a.j.t.JMeterThread: Thread started: Thread Group 1-1
2020-04-19 13:22:03,395 INFO o.a.j.t.JMeterThread: Thread is done: Thread Group 1-1
2020-04-19 13:22:03,395 INFO o.a.j.t.JMeterThread: Thread finished: Thread Group 1-1
2020-04-19 13:22:03,395 INFO o.a.j.e.StandardJMeterEngine: Starting tearDown thread groups
2020-04-19 13:22:03,395 INFO o.a.j.e.StandardJMeterEngine: Starting tearDown ThreadGroup: 1 : tearDown Thread Group
2020-04-19 13:22:03,395 INFO o.a.j.e.StandardJMeterEngine: Starting 1 threads for group tearDown Thread Group.
2020-04-19 13:22:03,395 INFO o.a.j.e.StandardJMeterEngine: Thread will continue on error
2020-04-19 13:22:03,395 INFO o.a.j.t.ThreadGroup: Starting thread group... number=1 threads=1 ramp-up=1 delayedStart=false
2020-04-19 13:22:03,396 INFO o.a.j.t.ThreadGroup: Started thread group number 1
2020-04-19 13:22:03,396 INFO o.a.j.t.JMeterThread: Thread started: tearDown Thread Group 1-1
2020-04-19 13:22:03,428 INFO o.a.j.t.JMeterThread: Thread is done: tearDown Thread Group 1-1
2020-04-19 13:22:03,428 INFO o.a.j.t.JMeterThread: Thread finished: tearDown Thread Group 1-1
2020-04-19 13:22:03,428 INFO o.a.j.e.StandardJMeterEngine: Notifying test listeners of end of test
2020-04-19 13:22:03,432 INFO o.a.j.g.u.JMeterMenuBar: setRunning(false, *local*)
2020-04-19 13:27:26,754 INFO o.a.j.g.a.Load: Loading file: /home/lucas/Desktop/Git/es20tg_37-project/backend/jmeter/questionDiscussion/WSGetClarificationRequestsTest.jmx
2020-04-19 13:27:26,754 INFO o.a.j.s.FileServer: Set new base='/home/lucas/Desktop/Git/es20tg_37-project/backend/jmeter/questionDiscussion'
2020-04-19 13:27:26,754 INFO o.a.j.s.SaveService: Loading file: /home/lucas/Desktop/Git/es20tg_37-project/backend/jmeter/questionDiscussion/WSGetClarificationRequestsTest.jmx
2020-04-19 13:27:26,808 INFO o.a.j.v.ViewResultsFullVisualizer: Add JavaFX to your Java installation if you want to use renderer: org.apache.jmeter.visualizers.RenderInBrowser
2020-04-19 13:27:26,854 INFO o.a.j.v.ViewResultsFullVisualizer: Add JavaFX to your Java installation if you want to use renderer: org.apache.jmeter.visualizers.RenderInBrowser
2020-04-19 13:27:26,877 INFO o.a.j.s.FileServer: Set new base='/home/lucas/Desktop/Git/es20tg_37-project/backend/jmeter/questionDiscussion'
2020-04-19 13:27:36,240 INFO o.a.j.g.a.Load: Loading file: /home/lucas/Desktop/Git/es20tg_37-project/backend/jmeter/statement/WSGetSolvedQuizTest.jmx
2020-04-19 13:27:36,240 INFO o.a.j.s.FileServer: Set new base='/home/lucas/Desktop/Git/es20tg_37-project/backend/jmeter/statement'
2020-04-19 13:27:36,241 INFO o.a.j.s.SaveService: Loading file: /home/lucas/Desktop/Git/es20tg_37-project/backend/jmeter/statement/WSGetSolvedQuizTest.jmx
2020-04-19 13:27:36,267 INFO o.a.j.v.ViewResultsFullVisualizer: Add JavaFX to your Java installation if you want to use renderer: org.apache.jmeter.visualizers.RenderInBrowser
2020-04-19 13:27:36,297 INFO o.a.j.v.ViewResultsFullVisualizer: Add JavaFX to your Java installation if you want to use renderer: org.apache.jmeter.visualizers.RenderInBrowser
2020-04-19 13:27:36,326 INFO o.a.j.s.FileServer: Set new base='/home/lucas/Desktop/Git/es20tg_37-project/backend/jmeter/statement'
2020-04-19 13:35:10,055 INFO o.a.j.e.StandardJMeterEngine: Running the test!
2020-04-19 13:35:10,056 INFO o.a.j.s.SampleEvent: List of sample_variables: []
2020-04-19 13:35:10,060 ERROR o.a.j.u.BeanShellInterpreter: Error invoking bsh method: eval	In file: inline evaluation of: ``import org.apache.jmeter.services.FileServer fileserver.getFileServer().getBaseD . . . '' Encountered "fileserver" at line 1, column 46.

2020-04-19 13:35:10,060 WARN o.a.j.f.BeanShell: Error running BSH script
org.apache.jorphan.util.JMeterException: Error invoking bsh method: eval	In file: inline evaluation of: ``import org.apache.jmeter.services.FileServer fileserver.getFileServer().getBaseD . . . '' Encountered "fileserver" at line 1, column 46.

	at org.apache.jmeter.util.BeanShellInterpreter.bshInvoke(BeanShellInterpreter.java:180) ~[ApacheJMeter_core.jar:5.2.1]
	at org.apache.jmeter.util.BeanShellInterpreter.eval(BeanShellInterpreter.java:186) ~[ApacheJMeter_core.jar:5.2.1]
	at org.apache.jmeter.functions.BeanShell.execute(BeanShell.java:100) [ApacheJMeter_functions.jar:5.2.1]
	at org.apache.jmeter.engine.util.CompoundVariable.execute(CompoundVariable.java:136) [ApacheJMeter_core.jar:5.2.1]
	at org.apache.jmeter.engine.util.CompoundVariable.execute(CompoundVariable.java:111) [ApacheJMeter_core.jar:5.2.1]
	at org.apache.jmeter.testelement.property.FunctionProperty.getStringValue(FunctionProperty.java:92) [ApacheJMeter_core.jar:5.2.1]
	at org.apache.jmeter.testelement.AbstractTestElement.getPropertyAsString(AbstractTestElement.java:281) [ApacheJMeter_core.jar:5.2.1]
	at org.apache.jmeter.config.Argument.getValue(Argument.java:146) [ApacheJMeter_core.jar:5.2.1]
	at org.apache.jmeter.config.Arguments.getArgumentsAsMap(Arguments.java:94) [ApacheJMeter_core.jar:5.2.1]
	at org.apache.jmeter.engine.PreCompiler.createArgumentsMap(PreCompiler.java:114) [ApacheJMeter_core.jar:5.2.1]
	at org.apache.jmeter.engine.PreCompiler.addNode(PreCompiler.java:101) [ApacheJMeter_core.jar:5.2.1]
	at org.apache.jorphan.collections.HashTree.traverseInto(HashTree.java:994) [jorphan.jar:5.2.1]
	at org.apache.jorphan.collections.HashTree.traverse(HashTree.java:977) [jorphan.jar:5.2.1]
	at org.apache.jmeter.engine.StandardJMeterEngine.run(StandardJMeterEngine.java:362) [ApacheJMeter_core.jar:5.2.1]
	at java.lang.Thread.run(Thread.java:834) [?:?]
Caused by: java.lang.reflect.InvocationTargetException
	at jdk.internal.reflect.NativeMethodAccessorImpl.invoke0(Native Method) ~[?:?]
	at jdk.internal.reflect.NativeMethodAccessorImpl.invoke(NativeMethodAccessorImpl.java:62) ~[?:?]
	at jdk.internal.reflect.DelegatingMethodAccessorImpl.invoke(DelegatingMethodAccessorImpl.java:43) ~[?:?]
	at java.lang.reflect.Method.invoke(Method.java:566) ~[?:?]
	at org.apache.jmeter.util.BeanShellInterpreter.bshInvoke(BeanShellInterpreter.java:163) ~[ApacheJMeter_core.jar:5.2.1]
	... 14 more
Caused by: bsh.ParseException: In file: inline evaluation of: ``import org.apache.jmeter.services.FileServer fileserver.getFileServer().getBaseD . . . '' Encountered "fileserver" at line 1, column 46.

	at bsh.Parser.generateParseException(Parser.java:6106) ~[bsh-2.0b6.jar:2.0b6 2016-02-05 05:16:19]
	at bsh.Parser.jj_consume_token(Parser.java:5977) ~[bsh-2.0b6.jar:2.0b6 2016-02-05 05:16:19]
	at bsh.Parser.ImportDeclaration(Parser.java:480) ~[bsh-2.0b6.jar:2.0b6 2016-02-05 05:16:19]
	at bsh.Parser.BlockStatement(Parser.java:2823) ~[bsh-2.0b6.jar:2.0b6 2016-02-05 05:16:19]
	at bsh.Parser.Line(Parser.java:172) ~[bsh-2.0b6.jar:2.0b6 2016-02-05 05:16:19]
	at bsh.Interpreter.Line(Interpreter.java:1011) ~[bsh-2.0b6.jar:2.0b6 2016-02-05 05:16:19]
	at bsh.Interpreter.eval(Interpreter.java:641) ~[bsh-2.0b6.jar:2.0b6 2016-02-05 05:16:19]
	at bsh.Interpreter.eval(Interpreter.java:750) ~[bsh-2.0b6.jar:2.0b6 2016-02-05 05:16:19]
	at bsh.Interpreter.eval(Interpreter.java:739) ~[bsh-2.0b6.jar:2.0b6 2016-02-05 05:16:19]
	at jdk.internal.reflect.NativeMethodAccessorImpl.invoke0(Native Method) ~[?:?]
	at jdk.internal.reflect.NativeMethodAccessorImpl.invoke(NativeMethodAccessorImpl.java:62) ~[?:?]
	at jdk.internal.reflect.DelegatingMethodAccessorImpl.invoke(DelegatingMethodAccessorImpl.java:43) ~[?:?]
	at java.lang.reflect.Method.invoke(Method.java:566) ~[?:?]
	at org.apache.jmeter.util.BeanShellInterpreter.bshInvoke(BeanShellInterpreter.java:163) ~[ApacheJMeter_core.jar:5.2.1]
	... 14 more
2020-04-19 13:35:10,062 ERROR o.a.j.p.j.c.DataSourceElement: JDBC data source already defined for: sampleReq
2020-04-19 13:35:10,062 INFO o.a.j.g.u.JMeterMenuBar: setRunning(true, *local*)
2020-04-19 13:35:10,064 INFO o.a.j.e.StandardJMeterEngine: Starting ThreadGroup: 1 : Thread Group
2020-04-19 13:35:10,064 INFO o.a.j.e.StandardJMeterEngine: Starting 1 threads for group Thread Group.
2020-04-19 13:35:10,064 INFO o.a.j.e.StandardJMeterEngine: Thread will continue on error
2020-04-19 13:35:10,064 INFO o.a.j.t.ThreadGroup: Starting thread group... number=1 threads=1 ramp-up=1 delayedStart=false
2020-04-19 13:35:10,084 INFO o.a.j.t.ThreadGroup: Started thread group number 1
2020-04-19 13:35:10,084 INFO o.a.j.e.StandardJMeterEngine: All thread groups have been started
2020-04-19 13:35:10,085 INFO o.a.j.t.JMeterThread: Thread started: Thread Group 1-1
2020-04-19 13:35:10,166 INFO o.a.j.t.JMeterThread: Thread is done: Thread Group 1-1
2020-04-19 13:35:10,166 INFO o.a.j.t.JMeterThread: Thread finished: Thread Group 1-1
2020-04-19 13:35:10,166 INFO o.a.j.e.StandardJMeterEngine: Starting tearDown thread groups
2020-04-19 13:35:10,166 INFO o.a.j.e.StandardJMeterEngine: Starting tearDown ThreadGroup: 1 : tearDown Thread Group
2020-04-19 13:35:10,166 INFO o.a.j.e.StandardJMeterEngine: Starting 1 threads for group tearDown Thread Group.
2020-04-19 13:35:10,166 INFO o.a.j.e.StandardJMeterEngine: Thread will continue on error
2020-04-19 13:35:10,166 INFO o.a.j.t.ThreadGroup: Starting thread group... number=1 threads=1 ramp-up=1 delayedStart=false
2020-04-19 13:35:10,167 INFO o.a.j.t.ThreadGroup: Started thread group number 1
2020-04-19 13:35:10,167 INFO o.a.j.t.JMeterThread: Thread started: tearDown Thread Group 1-1
2020-04-19 13:35:10,205 INFO o.a.j.t.JMeterThread: Thread is done: tearDown Thread Group 1-1
2020-04-19 13:35:10,206 INFO o.a.j.t.JMeterThread: Thread finished: tearDown Thread Group 1-1
2020-04-19 13:35:10,206 INFO o.a.j.e.StandardJMeterEngine: Notifying test listeners of end of test
2020-04-19 13:35:10,209 INFO o.a.j.g.u.JMeterMenuBar: setRunning(false, *local*)
2020-04-19 13:37:07,276 INFO o.a.j.e.StandardJMeterEngine: Running the test!
2020-04-19 13:37:07,277 INFO o.a.j.s.SampleEvent: List of sample_variables: []
2020-04-19 13:37:07,279 ERROR o.a.j.u.BeanShellInterpreter: Error invoking bsh method: eval	In file: inline evaluation of: ``import org.apache.jmeter.services.FileServer fileserver.getFileServer().getBaseD . . . '' Encountered "fileserver" at line 1, column 46.

2020-04-19 13:37:07,280 WARN o.a.j.f.BeanShell: Error running BSH script
org.apache.jorphan.util.JMeterException: Error invoking bsh method: eval	In file: inline evaluation of: ``import org.apache.jmeter.services.FileServer fileserver.getFileServer().getBaseD . . . '' Encountered "fileserver" at line 1, column 46.

	at org.apache.jmeter.util.BeanShellInterpreter.bshInvoke(BeanShellInterpreter.java:180) ~[ApacheJMeter_core.jar:5.2.1]
	at org.apache.jmeter.util.BeanShellInterpreter.eval(BeanShellInterpreter.java:186) ~[ApacheJMeter_core.jar:5.2.1]
	at org.apache.jmeter.functions.BeanShell.execute(BeanShell.java:100) [ApacheJMeter_functions.jar:5.2.1]
	at org.apache.jmeter.engine.util.CompoundVariable.execute(CompoundVariable.java:136) [ApacheJMeter_core.jar:5.2.1]
	at org.apache.jmeter.engine.util.CompoundVariable.execute(CompoundVariable.java:111) [ApacheJMeter_core.jar:5.2.1]
	at org.apache.jmeter.testelement.property.FunctionProperty.getStringValue(FunctionProperty.java:92) [ApacheJMeter_core.jar:5.2.1]
	at org.apache.jmeter.testelement.AbstractTestElement.getPropertyAsString(AbstractTestElement.java:281) [ApacheJMeter_core.jar:5.2.1]
	at org.apache.jmeter.config.Argument.getValue(Argument.java:146) [ApacheJMeter_core.jar:5.2.1]
	at org.apache.jmeter.config.Arguments.getArgumentsAsMap(Arguments.java:94) [ApacheJMeter_core.jar:5.2.1]
	at org.apache.jmeter.engine.PreCompiler.createArgumentsMap(PreCompiler.java:114) [ApacheJMeter_core.jar:5.2.1]
	at org.apache.jmeter.engine.PreCompiler.addNode(PreCompiler.java:101) [ApacheJMeter_core.jar:5.2.1]
	at org.apache.jorphan.collections.HashTree.traverseInto(HashTree.java:994) [jorphan.jar:5.2.1]
	at org.apache.jorphan.collections.HashTree.traverse(HashTree.java:977) [jorphan.jar:5.2.1]
	at org.apache.jmeter.engine.StandardJMeterEngine.run(StandardJMeterEngine.java:362) [ApacheJMeter_core.jar:5.2.1]
	at java.lang.Thread.run(Thread.java:834) [?:?]
Caused by: java.lang.reflect.InvocationTargetException
	at jdk.internal.reflect.NativeMethodAccessorImpl.invoke0(Native Method) ~[?:?]
	at jdk.internal.reflect.NativeMethodAccessorImpl.invoke(NativeMethodAccessorImpl.java:62) ~[?:?]
	at jdk.internal.reflect.DelegatingMethodAccessorImpl.invoke(DelegatingMethodAccessorImpl.java:43) ~[?:?]
	at java.lang.reflect.Method.invoke(Method.java:566) ~[?:?]
	at org.apache.jmeter.util.BeanShellInterpreter.bshInvoke(BeanShellInterpreter.java:163) ~[ApacheJMeter_core.jar:5.2.1]
	... 14 more
Caused by: bsh.ParseException: In file: inline evaluation of: ``import org.apache.jmeter.services.FileServer fileserver.getFileServer().getBaseD . . . '' Encountered "fileserver" at line 1, column 46.

	at bsh.Parser.generateParseException(Parser.java:6106) ~[bsh-2.0b6.jar:2.0b6 2016-02-05 05:16:19]
	at bsh.Parser.jj_consume_token(Parser.java:5977) ~[bsh-2.0b6.jar:2.0b6 2016-02-05 05:16:19]
	at bsh.Parser.ImportDeclaration(Parser.java:480) ~[bsh-2.0b6.jar:2.0b6 2016-02-05 05:16:19]
	at bsh.Parser.BlockStatement(Parser.java:2823) ~[bsh-2.0b6.jar:2.0b6 2016-02-05 05:16:19]
	at bsh.Parser.Line(Parser.java:172) ~[bsh-2.0b6.jar:2.0b6 2016-02-05 05:16:19]
	at bsh.Interpreter.Line(Interpreter.java:1011) ~[bsh-2.0b6.jar:2.0b6 2016-02-05 05:16:19]
	at bsh.Interpreter.eval(Interpreter.java:641) ~[bsh-2.0b6.jar:2.0b6 2016-02-05 05:16:19]
	at bsh.Interpreter.eval(Interpreter.java:750) ~[bsh-2.0b6.jar:2.0b6 2016-02-05 05:16:19]
	at bsh.Interpreter.eval(Interpreter.java:739) ~[bsh-2.0b6.jar:2.0b6 2016-02-05 05:16:19]
	at jdk.internal.reflect.NativeMethodAccessorImpl.invoke0(Native Method) ~[?:?]
	at jdk.internal.reflect.NativeMethodAccessorImpl.invoke(NativeMethodAccessorImpl.java:62) ~[?:?]
	at jdk.internal.reflect.DelegatingMethodAccessorImpl.invoke(DelegatingMethodAccessorImpl.java:43) ~[?:?]
	at java.lang.reflect.Method.invoke(Method.java:566) ~[?:?]
	at org.apache.jmeter.util.BeanShellInterpreter.bshInvoke(BeanShellInterpreter.java:163) ~[ApacheJMeter_core.jar:5.2.1]
	... 14 more
2020-04-19 13:37:07,281 ERROR o.a.j.p.j.c.DataSourceElement: JDBC data source already defined for: sampleReq
2020-04-19 13:37:07,281 INFO o.a.j.g.u.JMeterMenuBar: setRunning(true, *local*)
2020-04-19 13:37:07,356 INFO o.a.j.e.StandardJMeterEngine: Starting ThreadGroup: 1 : Thread Group
2020-04-19 13:37:07,356 INFO o.a.j.e.StandardJMeterEngine: Starting 1 threads for group Thread Group.
2020-04-19 13:37:07,356 INFO o.a.j.e.StandardJMeterEngine: Thread will continue on error
2020-04-19 13:37:07,356 INFO o.a.j.t.ThreadGroup: Starting thread group... number=1 threads=1 ramp-up=1 delayedStart=false
2020-04-19 13:37:07,362 INFO o.a.j.t.ThreadGroup: Started thread group number 1
2020-04-19 13:37:07,362 INFO o.a.j.e.StandardJMeterEngine: All thread groups have been started
2020-04-19 13:37:07,362 INFO o.a.j.t.JMeterThread: Thread started: Thread Group 1-1
2020-04-19 13:37:07,399 ERROR o.a.j.u.BeanShellInterpreter: Error invoking bsh method: eval	Sourced file: inline evaluation of: ``vars.put("quizId", Integer.toString(vars.getObject("quizIds").get(0).get("id"))) . . . '' : Error in method invocation: Static method toString( null ) not found in class'java.lang.Integer'
2020-04-19 13:37:07,399 WARN o.a.j.e.BeanShellPostProcessor: Problem in BeanShell script: org.apache.jorphan.util.JMeterException: Error invoking bsh method: eval	Sourced file: inline evaluation of: ``vars.put("quizId", Integer.toString(vars.getObject("quizIds").get(0).get("id"))) . . . '' : Error in method invocation: Static method toString( null ) not found in class'java.lang.Integer'
2020-04-19 13:37:07,448 INFO o.a.j.t.JMeterThread: Thread is done: Thread Group 1-1
2020-04-19 13:37:07,449 INFO o.a.j.t.JMeterThread: Thread finished: Thread Group 1-1
2020-04-19 13:37:07,449 INFO o.a.j.e.StandardJMeterEngine: Starting tearDown thread groups
2020-04-19 13:37:07,449 INFO o.a.j.e.StandardJMeterEngine: Starting tearDown ThreadGroup: 1 : tearDown Thread Group
2020-04-19 13:37:07,449 INFO o.a.j.e.StandardJMeterEngine: Starting 1 threads for group tearDown Thread Group.
2020-04-19 13:37:07,449 INFO o.a.j.e.StandardJMeterEngine: Thread will continue on error
2020-04-19 13:37:07,449 INFO o.a.j.t.ThreadGroup: Starting thread group... number=1 threads=1 ramp-up=1 delayedStart=false
2020-04-19 13:37:07,450 INFO o.a.j.t.ThreadGroup: Started thread group number 1
2020-04-19 13:37:07,450 INFO o.a.j.t.JMeterThread: Thread started: tearDown Thread Group 1-1
2020-04-19 13:37:07,483 INFO o.a.j.t.JMeterThread: Thread is done: tearDown Thread Group 1-1
2020-04-19 13:37:07,483 INFO o.a.j.t.JMeterThread: Thread finished: tearDown Thread Group 1-1
2020-04-19 13:37:07,484 INFO o.a.j.e.StandardJMeterEngine: Notifying test listeners of end of test
2020-04-19 13:37:07,487 INFO o.a.j.g.u.JMeterMenuBar: setRunning(false, *local*)
2020-04-19 13:37:22,547 INFO o.a.j.e.StandardJMeterEngine: Running the test!
2020-04-19 13:37:22,548 INFO o.a.j.s.SampleEvent: List of sample_variables: []
2020-04-19 13:37:22,553 ERROR o.a.j.u.BeanShellInterpreter: Error invoking bsh method: eval	In file: inline evaluation of: ``import org.apache.jmeter.services.FileServer fileserver.getFileServer().getBaseD . . . '' Encountered "fileserver" at line 1, column 46.

2020-04-19 13:37:22,553 WARN o.a.j.f.BeanShell: Error running BSH script
org.apache.jorphan.util.JMeterException: Error invoking bsh method: eval	In file: inline evaluation of: ``import org.apache.jmeter.services.FileServer fileserver.getFileServer().getBaseD . . . '' Encountered "fileserver" at line 1, column 46.

	at org.apache.jmeter.util.BeanShellInterpreter.bshInvoke(BeanShellInterpreter.java:180) ~[ApacheJMeter_core.jar:5.2.1]
	at org.apache.jmeter.util.BeanShellInterpreter.eval(BeanShellInterpreter.java:186) ~[ApacheJMeter_core.jar:5.2.1]
	at org.apache.jmeter.functions.BeanShell.execute(BeanShell.java:100) [ApacheJMeter_functions.jar:5.2.1]
	at org.apache.jmeter.engine.util.CompoundVariable.execute(CompoundVariable.java:136) [ApacheJMeter_core.jar:5.2.1]
	at org.apache.jmeter.engine.util.CompoundVariable.execute(CompoundVariable.java:111) [ApacheJMeter_core.jar:5.2.1]
	at org.apache.jmeter.testelement.property.FunctionProperty.getStringValue(FunctionProperty.java:92) [ApacheJMeter_core.jar:5.2.1]
	at org.apache.jmeter.testelement.AbstractTestElement.getPropertyAsString(AbstractTestElement.java:281) [ApacheJMeter_core.jar:5.2.1]
	at org.apache.jmeter.config.Argument.getValue(Argument.java:146) [ApacheJMeter_core.jar:5.2.1]
	at org.apache.jmeter.config.Arguments.getArgumentsAsMap(Arguments.java:94) [ApacheJMeter_core.jar:5.2.1]
	at org.apache.jmeter.engine.PreCompiler.createArgumentsMap(PreCompiler.java:114) [ApacheJMeter_core.jar:5.2.1]
	at org.apache.jmeter.engine.PreCompiler.addNode(PreCompiler.java:101) [ApacheJMeter_core.jar:5.2.1]
	at org.apache.jorphan.collections.HashTree.traverseInto(HashTree.java:994) [jorphan.jar:5.2.1]
	at org.apache.jorphan.collections.HashTree.traverse(HashTree.java:977) [jorphan.jar:5.2.1]
	at org.apache.jmeter.engine.StandardJMeterEngine.run(StandardJMeterEngine.java:362) [ApacheJMeter_core.jar:5.2.1]
	at java.lang.Thread.run(Thread.java:834) [?:?]
Caused by: java.lang.reflect.InvocationTargetException
	at jdk.internal.reflect.NativeMethodAccessorImpl.invoke0(Native Method) ~[?:?]
	at jdk.internal.reflect.NativeMethodAccessorImpl.invoke(NativeMethodAccessorImpl.java:62) ~[?:?]
	at jdk.internal.reflect.DelegatingMethodAccessorImpl.invoke(DelegatingMethodAccessorImpl.java:43) ~[?:?]
	at java.lang.reflect.Method.invoke(Method.java:566) ~[?:?]
	at org.apache.jmeter.util.BeanShellInterpreter.bshInvoke(BeanShellInterpreter.java:163) ~[ApacheJMeter_core.jar:5.2.1]
	... 14 more
Caused by: bsh.ParseException: In file: inline evaluation of: ``import org.apache.jmeter.services.FileServer fileserver.getFileServer().getBaseD . . . '' Encountered "fileserver" at line 1, column 46.

	at bsh.Parser.generateParseException(Parser.java:6106) ~[bsh-2.0b6.jar:2.0b6 2016-02-05 05:16:19]
	at bsh.Parser.jj_consume_token(Parser.java:5977) ~[bsh-2.0b6.jar:2.0b6 2016-02-05 05:16:19]
	at bsh.Parser.ImportDeclaration(Parser.java:480) ~[bsh-2.0b6.jar:2.0b6 2016-02-05 05:16:19]
	at bsh.Parser.BlockStatement(Parser.java:2823) ~[bsh-2.0b6.jar:2.0b6 2016-02-05 05:16:19]
	at bsh.Parser.Line(Parser.java:172) ~[bsh-2.0b6.jar:2.0b6 2016-02-05 05:16:19]
	at bsh.Interpreter.Line(Interpreter.java:1011) ~[bsh-2.0b6.jar:2.0b6 2016-02-05 05:16:19]
	at bsh.Interpreter.eval(Interpreter.java:641) ~[bsh-2.0b6.jar:2.0b6 2016-02-05 05:16:19]
	at bsh.Interpreter.eval(Interpreter.java:750) ~[bsh-2.0b6.jar:2.0b6 2016-02-05 05:16:19]
	at bsh.Interpreter.eval(Interpreter.java:739) ~[bsh-2.0b6.jar:2.0b6 2016-02-05 05:16:19]
	at jdk.internal.reflect.NativeMethodAccessorImpl.invoke0(Native Method) ~[?:?]
	at jdk.internal.reflect.NativeMethodAccessorImpl.invoke(NativeMethodAccessorImpl.java:62) ~[?:?]
	at jdk.internal.reflect.DelegatingMethodAccessorImpl.invoke(DelegatingMethodAccessorImpl.java:43) ~[?:?]
	at java.lang.reflect.Method.invoke(Method.java:566) ~[?:?]
	at org.apache.jmeter.util.BeanShellInterpreter.bshInvoke(BeanShellInterpreter.java:163) ~[ApacheJMeter_core.jar:5.2.1]
	... 14 more
2020-04-19 13:37:22,556 ERROR o.a.j.p.j.c.DataSourceElement: JDBC data source already defined for: sampleReq
2020-04-19 13:37:22,557 INFO o.a.j.g.u.JMeterMenuBar: setRunning(true, *local*)
2020-04-19 13:37:22,558 INFO o.a.j.e.StandardJMeterEngine: Starting ThreadGroup: 1 : Thread Group
2020-04-19 13:37:22,558 INFO o.a.j.e.StandardJMeterEngine: Starting 1 threads for group Thread Group.
2020-04-19 13:37:22,580 INFO o.a.j.e.StandardJMeterEngine: Thread will continue on error
2020-04-19 13:37:22,581 INFO o.a.j.t.ThreadGroup: Starting thread group... number=1 threads=1 ramp-up=1 delayedStart=false
2020-04-19 13:37:22,587 INFO o.a.j.t.ThreadGroup: Started thread group number 1
2020-04-19 13:37:22,587 INFO o.a.j.e.StandardJMeterEngine: All thread groups have been started
2020-04-19 13:37:22,587 INFO o.a.j.t.JMeterThread: Thread started: Thread Group 1-1
2020-04-19 13:37:22,617 ERROR o.a.j.u.BeanShellInterpreter: Error invoking bsh method: eval	Sourced file: inline evaluation of: ``vars.put("quizId", Integer.toString(vars.getObject("quizIds").get(0).get("id"))) . . . '' : Error in method invocation: Static method toString( null ) not found in class'java.lang.Integer'
2020-04-19 13:37:22,617 WARN o.a.j.e.BeanShellPostProcessor: Problem in BeanShell script: org.apache.jorphan.util.JMeterException: Error invoking bsh method: eval	Sourced file: inline evaluation of: ``vars.put("quizId", Integer.toString(vars.getObject("quizIds").get(0).get("id"))) . . . '' : Error in method invocation: Static method toString( null ) not found in class'java.lang.Integer'
2020-04-19 13:37:22,668 INFO o.a.j.t.JMeterThread: Thread is done: Thread Group 1-1
2020-04-19 13:37:22,668 INFO o.a.j.t.JMeterThread: Thread finished: Thread Group 1-1
2020-04-19 13:37:22,669 INFO o.a.j.e.StandardJMeterEngine: Starting tearDown thread groups
2020-04-19 13:37:22,669 INFO o.a.j.e.StandardJMeterEngine: Starting tearDown ThreadGroup: 1 : tearDown Thread Group
2020-04-19 13:37:22,669 INFO o.a.j.e.StandardJMeterEngine: Starting 1 threads for group tearDown Thread Group.
2020-04-19 13:37:22,669 INFO o.a.j.e.StandardJMeterEngine: Thread will continue on error
2020-04-19 13:37:22,669 INFO o.a.j.t.ThreadGroup: Starting thread group... number=1 threads=1 ramp-up=1 delayedStart=false
2020-04-19 13:37:22,670 INFO o.a.j.t.ThreadGroup: Started thread group number 1
2020-04-19 13:37:22,670 INFO o.a.j.t.JMeterThread: Thread started: tearDown Thread Group 1-1
2020-04-19 13:37:22,703 INFO o.a.j.t.JMeterThread: Thread is done: tearDown Thread Group 1-1
2020-04-19 13:37:22,704 INFO o.a.j.t.JMeterThread: Thread finished: tearDown Thread Group 1-1
2020-04-19 13:37:22,704 INFO o.a.j.e.StandardJMeterEngine: Notifying test listeners of end of test
2020-04-19 13:37:22,707 INFO o.a.j.g.u.JMeterMenuBar: setRunning(false, *local*)
2020-04-19 13:39:07,286 INFO o.a.j.e.StandardJMeterEngine: Running the test!
2020-04-19 13:39:07,287 INFO o.a.j.s.SampleEvent: List of sample_variables: []
2020-04-19 13:39:07,292 ERROR o.a.j.u.BeanShellInterpreter: Error invoking bsh method: eval	In file: inline evaluation of: ``import org.apache.jmeter.services.FileServer fileserver.getFileServer().getBaseD . . . '' Encountered "fileserver" at line 1, column 46.

2020-04-19 13:39:07,292 WARN o.a.j.f.BeanShell: Error running BSH script
org.apache.jorphan.util.JMeterException: Error invoking bsh method: eval	In file: inline evaluation of: ``import org.apache.jmeter.services.FileServer fileserver.getFileServer().getBaseD . . . '' Encountered "fileserver" at line 1, column 46.

	at org.apache.jmeter.util.BeanShellInterpreter.bshInvoke(BeanShellInterpreter.java:180) ~[ApacheJMeter_core.jar:5.2.1]
	at org.apache.jmeter.util.BeanShellInterpreter.eval(BeanShellInterpreter.java:186) ~[ApacheJMeter_core.jar:5.2.1]
	at org.apache.jmeter.functions.BeanShell.execute(BeanShell.java:100) [ApacheJMeter_functions.jar:5.2.1]
	at org.apache.jmeter.engine.util.CompoundVariable.execute(CompoundVariable.java:136) [ApacheJMeter_core.jar:5.2.1]
	at org.apache.jmeter.engine.util.CompoundVariable.execute(CompoundVariable.java:111) [ApacheJMeter_core.jar:5.2.1]
	at org.apache.jmeter.testelement.property.FunctionProperty.getStringValue(FunctionProperty.java:92) [ApacheJMeter_core.jar:5.2.1]
	at org.apache.jmeter.testelement.AbstractTestElement.getPropertyAsString(AbstractTestElement.java:281) [ApacheJMeter_core.jar:5.2.1]
	at org.apache.jmeter.config.Argument.getValue(Argument.java:146) [ApacheJMeter_core.jar:5.2.1]
	at org.apache.jmeter.config.Arguments.getArgumentsAsMap(Arguments.java:94) [ApacheJMeter_core.jar:5.2.1]
	at org.apache.jmeter.engine.PreCompiler.createArgumentsMap(PreCompiler.java:114) [ApacheJMeter_core.jar:5.2.1]
	at org.apache.jmeter.engine.PreCompiler.addNode(PreCompiler.java:101) [ApacheJMeter_core.jar:5.2.1]
	at org.apache.jorphan.collections.HashTree.traverseInto(HashTree.java:994) [jorphan.jar:5.2.1]
	at org.apache.jorphan.collections.HashTree.traverse(HashTree.java:977) [jorphan.jar:5.2.1]
	at org.apache.jmeter.engine.StandardJMeterEngine.run(StandardJMeterEngine.java:362) [ApacheJMeter_core.jar:5.2.1]
	at java.lang.Thread.run(Thread.java:834) [?:?]
Caused by: java.lang.reflect.InvocationTargetException
	at jdk.internal.reflect.NativeMethodAccessorImpl.invoke0(Native Method) ~[?:?]
	at jdk.internal.reflect.NativeMethodAccessorImpl.invoke(NativeMethodAccessorImpl.java:62) ~[?:?]
	at jdk.internal.reflect.DelegatingMethodAccessorImpl.invoke(DelegatingMethodAccessorImpl.java:43) ~[?:?]
	at java.lang.reflect.Method.invoke(Method.java:566) ~[?:?]
	at org.apache.jmeter.util.BeanShellInterpreter.bshInvoke(BeanShellInterpreter.java:163) ~[ApacheJMeter_core.jar:5.2.1]
	... 14 more
Caused by: bsh.ParseException: In file: inline evaluation of: ``import org.apache.jmeter.services.FileServer fileserver.getFileServer().getBaseD . . . '' Encountered "fileserver" at line 1, column 46.

	at bsh.Parser.generateParseException(Parser.java:6106) ~[bsh-2.0b6.jar:2.0b6 2016-02-05 05:16:19]
	at bsh.Parser.jj_consume_token(Parser.java:5977) ~[bsh-2.0b6.jar:2.0b6 2016-02-05 05:16:19]
	at bsh.Parser.ImportDeclaration(Parser.java:480) ~[bsh-2.0b6.jar:2.0b6 2016-02-05 05:16:19]
	at bsh.Parser.BlockStatement(Parser.java:2823) ~[bsh-2.0b6.jar:2.0b6 2016-02-05 05:16:19]
	at bsh.Parser.Line(Parser.java:172) ~[bsh-2.0b6.jar:2.0b6 2016-02-05 05:16:19]
	at bsh.Interpreter.Line(Interpreter.java:1011) ~[bsh-2.0b6.jar:2.0b6 2016-02-05 05:16:19]
	at bsh.Interpreter.eval(Interpreter.java:641) ~[bsh-2.0b6.jar:2.0b6 2016-02-05 05:16:19]
	at bsh.Interpreter.eval(Interpreter.java:750) ~[bsh-2.0b6.jar:2.0b6 2016-02-05 05:16:19]
	at bsh.Interpreter.eval(Interpreter.java:739) ~[bsh-2.0b6.jar:2.0b6 2016-02-05 05:16:19]
	at jdk.internal.reflect.NativeMethodAccessorImpl.invoke0(Native Method) ~[?:?]
	at jdk.internal.reflect.NativeMethodAccessorImpl.invoke(NativeMethodAccessorImpl.java:62) ~[?:?]
	at jdk.internal.reflect.DelegatingMethodAccessorImpl.invoke(DelegatingMethodAccessorImpl.java:43) ~[?:?]
	at java.lang.reflect.Method.invoke(Method.java:566) ~[?:?]
	at org.apache.jmeter.util.BeanShellInterpreter.bshInvoke(BeanShellInterpreter.java:163) ~[ApacheJMeter_core.jar:5.2.1]
	... 14 more
2020-04-19 13:39:07,293 ERROR o.a.j.p.j.c.DataSourceElement: JDBC data source already defined for: sampleReq
2020-04-19 13:39:07,293 INFO o.a.j.g.u.JMeterMenuBar: setRunning(true, *local*)
2020-04-19 13:39:07,304 INFO o.a.j.e.StandardJMeterEngine: Starting ThreadGroup: 1 : Thread Group
2020-04-19 13:39:07,305 INFO o.a.j.e.StandardJMeterEngine: Starting 1 threads for group Thread Group.
2020-04-19 13:39:07,305 INFO o.a.j.e.StandardJMeterEngine: Thread will continue on error
2020-04-19 13:39:07,305 INFO o.a.j.t.ThreadGroup: Starting thread group... number=1 threads=1 ramp-up=1 delayedStart=false
2020-04-19 13:39:07,310 INFO o.a.j.t.ThreadGroup: Started thread group number 1
2020-04-19 13:39:07,310 INFO o.a.j.e.StandardJMeterEngine: All thread groups have been started
2020-04-19 13:39:07,310 INFO o.a.j.t.JMeterThread: Thread started: Thread Group 1-1
2020-04-19 13:39:07,895 INFO o.a.j.t.JMeterThread: Thread is done: Thread Group 1-1
2020-04-19 13:39:07,895 INFO o.a.j.t.JMeterThread: Thread finished: Thread Group 1-1
2020-04-19 13:39:07,895 INFO o.a.j.e.StandardJMeterEngine: Starting tearDown thread groups
2020-04-19 13:39:07,895 INFO o.a.j.e.StandardJMeterEngine: Starting tearDown ThreadGroup: 1 : tearDown Thread Group
2020-04-19 13:39:07,895 INFO o.a.j.e.StandardJMeterEngine: Starting 1 threads for group tearDown Thread Group.
2020-04-19 13:39:07,895 INFO o.a.j.e.StandardJMeterEngine: Thread will continue on error
2020-04-19 13:39:07,895 INFO o.a.j.t.ThreadGroup: Starting thread group... number=1 threads=1 ramp-up=1 delayedStart=false
2020-04-19 13:39:07,896 INFO o.a.j.t.ThreadGroup: Started thread group number 1
2020-04-19 13:39:07,896 INFO o.a.j.t.JMeterThread: Thread started: tearDown Thread Group 1-1
2020-04-19 13:39:07,921 INFO o.a.j.t.JMeterThread: Thread is done: tearDown Thread Group 1-1
2020-04-19 13:39:07,922 INFO o.a.j.t.JMeterThread: Thread finished: tearDown Thread Group 1-1
2020-04-19 13:39:07,922 INFO o.a.j.e.StandardJMeterEngine: Notifying test listeners of end of test
2020-04-19 13:39:07,924 INFO o.a.j.g.u.JMeterMenuBar: setRunning(false, *local*)
2020-04-19 13:39:39,212 INFO o.a.j.e.StandardJMeterEngine: Running the test!
2020-04-19 13:39:39,212 INFO o.a.j.s.SampleEvent: List of sample_variables: []
2020-04-19 13:39:39,215 ERROR o.a.j.u.BeanShellInterpreter: Error invoking bsh method: eval	In file: inline evaluation of: ``import org.apache.jmeter.services.FileServer fileserver.getFileServer().getBaseD . . . '' Encountered "fileserver" at line 1, column 46.

2020-04-19 13:39:39,216 WARN o.a.j.f.BeanShell: Error running BSH script
org.apache.jorphan.util.JMeterException: Error invoking bsh method: eval	In file: inline evaluation of: ``import org.apache.jmeter.services.FileServer fileserver.getFileServer().getBaseD . . . '' Encountered "fileserver" at line 1, column 46.

	at org.apache.jmeter.util.BeanShellInterpreter.bshInvoke(BeanShellInterpreter.java:180) ~[ApacheJMeter_core.jar:5.2.1]
	at org.apache.jmeter.util.BeanShellInterpreter.eval(BeanShellInterpreter.java:186) ~[ApacheJMeter_core.jar:5.2.1]
	at org.apache.jmeter.functions.BeanShell.execute(BeanShell.java:100) [ApacheJMeter_functions.jar:5.2.1]
	at org.apache.jmeter.engine.util.CompoundVariable.execute(CompoundVariable.java:136) [ApacheJMeter_core.jar:5.2.1]
	at org.apache.jmeter.engine.util.CompoundVariable.execute(CompoundVariable.java:111) [ApacheJMeter_core.jar:5.2.1]
	at org.apache.jmeter.testelement.property.FunctionProperty.getStringValue(FunctionProperty.java:92) [ApacheJMeter_core.jar:5.2.1]
	at org.apache.jmeter.testelement.AbstractTestElement.getPropertyAsString(AbstractTestElement.java:281) [ApacheJMeter_core.jar:5.2.1]
	at org.apache.jmeter.config.Argument.getValue(Argument.java:146) [ApacheJMeter_core.jar:5.2.1]
	at org.apache.jmeter.config.Arguments.getArgumentsAsMap(Arguments.java:94) [ApacheJMeter_core.jar:5.2.1]
	at org.apache.jmeter.engine.PreCompiler.createArgumentsMap(PreCompiler.java:114) [ApacheJMeter_core.jar:5.2.1]
	at org.apache.jmeter.engine.PreCompiler.addNode(PreCompiler.java:101) [ApacheJMeter_core.jar:5.2.1]
	at org.apache.jorphan.collections.HashTree.traverseInto(HashTree.java:994) [jorphan.jar:5.2.1]
	at org.apache.jorphan.collections.HashTree.traverse(HashTree.java:977) [jorphan.jar:5.2.1]
	at org.apache.jmeter.engine.StandardJMeterEngine.run(StandardJMeterEngine.java:362) [ApacheJMeter_core.jar:5.2.1]
	at java.lang.Thread.run(Thread.java:834) [?:?]
Caused by: java.lang.reflect.InvocationTargetException
	at jdk.internal.reflect.GeneratedMethodAccessor72.invoke(Unknown Source) ~[?:?]
	at jdk.internal.reflect.DelegatingMethodAccessorImpl.invoke(DelegatingMethodAccessorImpl.java:43) ~[?:?]
	at java.lang.reflect.Method.invoke(Method.java:566) ~[?:?]
	at org.apache.jmeter.util.BeanShellInterpreter.bshInvoke(BeanShellInterpreter.java:163) ~[ApacheJMeter_core.jar:5.2.1]
	... 14 more
Caused by: bsh.ParseException: In file: inline evaluation of: ``import org.apache.jmeter.services.FileServer fileserver.getFileServer().getBaseD . . . '' Encountered "fileserver" at line 1, column 46.

	at bsh.Parser.generateParseException(Parser.java:6106) ~[bsh-2.0b6.jar:2.0b6 2016-02-05 05:16:19]
	at bsh.Parser.jj_consume_token(Parser.java:5977) ~[bsh-2.0b6.jar:2.0b6 2016-02-05 05:16:19]
	at bsh.Parser.ImportDeclaration(Parser.java:480) ~[bsh-2.0b6.jar:2.0b6 2016-02-05 05:16:19]
	at bsh.Parser.BlockStatement(Parser.java:2823) ~[bsh-2.0b6.jar:2.0b6 2016-02-05 05:16:19]
	at bsh.Parser.Line(Parser.java:172) ~[bsh-2.0b6.jar:2.0b6 2016-02-05 05:16:19]
	at bsh.Interpreter.Line(Interpreter.java:1011) ~[bsh-2.0b6.jar:2.0b6 2016-02-05 05:16:19]
	at bsh.Interpreter.eval(Interpreter.java:641) ~[bsh-2.0b6.jar:2.0b6 2016-02-05 05:16:19]
	at bsh.Interpreter.eval(Interpreter.java:750) ~[bsh-2.0b6.jar:2.0b6 2016-02-05 05:16:19]
	at bsh.Interpreter.eval(Interpreter.java:739) ~[bsh-2.0b6.jar:2.0b6 2016-02-05 05:16:19]
	at jdk.internal.reflect.GeneratedMethodAccessor72.invoke(Unknown Source) ~[?:?]
	at jdk.internal.reflect.DelegatingMethodAccessorImpl.invoke(DelegatingMethodAccessorImpl.java:43) ~[?:?]
	at java.lang.reflect.Method.invoke(Method.java:566) ~[?:?]
	at org.apache.jmeter.util.BeanShellInterpreter.bshInvoke(BeanShellInterpreter.java:163) ~[ApacheJMeter_core.jar:5.2.1]
	... 14 more
2020-04-19 13:39:39,218 ERROR o.a.j.p.j.c.DataSourceElement: JDBC data source already defined for: sampleReq
2020-04-19 13:39:39,218 INFO o.a.j.g.u.JMeterMenuBar: setRunning(true, *local*)
2020-04-19 13:39:39,288 INFO o.a.j.e.StandardJMeterEngine: Starting ThreadGroup: 1 : Thread Group
2020-04-19 13:39:39,288 INFO o.a.j.e.StandardJMeterEngine: Starting 1 threads for group Thread Group.
2020-04-19 13:39:39,288 INFO o.a.j.e.StandardJMeterEngine: Thread will continue on error
2020-04-19 13:39:39,289 INFO o.a.j.t.ThreadGroup: Starting thread group... number=1 threads=1 ramp-up=1 delayedStart=false
2020-04-19 13:39:39,293 INFO o.a.j.t.ThreadGroup: Started thread group number 1
2020-04-19 13:39:39,293 INFO o.a.j.e.StandardJMeterEngine: All thread groups have been started
2020-04-19 13:39:39,293 INFO o.a.j.t.JMeterThread: Thread started: Thread Group 1-1
2020-04-19 13:39:39,700 INFO o.a.j.t.JMeterThread: Thread is done: Thread Group 1-1
2020-04-19 13:39:39,700 INFO o.a.j.t.JMeterThread: Thread finished: Thread Group 1-1
2020-04-19 13:39:39,701 INFO o.a.j.e.StandardJMeterEngine: Starting tearDown thread groups
2020-04-19 13:39:39,701 INFO o.a.j.e.StandardJMeterEngine: Starting tearDown ThreadGroup: 1 : tearDown Thread Group
2020-04-19 13:39:39,701 INFO o.a.j.e.StandardJMeterEngine: Starting 1 threads for group tearDown Thread Group.
2020-04-19 13:39:39,701 INFO o.a.j.e.StandardJMeterEngine: Thread will continue on error
2020-04-19 13:39:39,701 INFO o.a.j.t.ThreadGroup: Starting thread group... number=1 threads=1 ramp-up=1 delayedStart=false
2020-04-19 13:39:39,701 INFO o.a.j.t.ThreadGroup: Started thread group number 1
2020-04-19 13:39:39,702 INFO o.a.j.t.JMeterThread: Thread started: tearDown Thread Group 1-1
2020-04-19 13:39:39,727 INFO o.a.j.t.JMeterThread: Thread is done: tearDown Thread Group 1-1
2020-04-19 13:39:39,727 INFO o.a.j.t.JMeterThread: Thread finished: tearDown Thread Group 1-1
2020-04-19 13:39:39,728 INFO o.a.j.e.StandardJMeterEngine: Notifying test listeners of end of test
2020-04-19 13:39:39,730 INFO o.a.j.g.u.JMeterMenuBar: setRunning(false, *local*)
2020-04-19 13:40:01,934 INFO o.a.j.e.StandardJMeterEngine: Running the test!
2020-04-19 13:40:01,934 INFO o.a.j.s.SampleEvent: List of sample_variables: []
2020-04-19 13:40:01,937 ERROR o.a.j.u.BeanShellInterpreter: Error invoking bsh method: eval	In file: inline evaluation of: ``import org.apache.jmeter.services.FileServer fileserver.getFileServer().getBaseD . . . '' Encountered "fileserver" at line 1, column 46.

2020-04-19 13:40:01,937 WARN o.a.j.f.BeanShell: Error running BSH script
org.apache.jorphan.util.JMeterException: Error invoking bsh method: eval	In file: inline evaluation of: ``import org.apache.jmeter.services.FileServer fileserver.getFileServer().getBaseD . . . '' Encountered "fileserver" at line 1, column 46.

	at org.apache.jmeter.util.BeanShellInterpreter.bshInvoke(BeanShellInterpreter.java:180) ~[ApacheJMeter_core.jar:5.2.1]
	at org.apache.jmeter.util.BeanShellInterpreter.eval(BeanShellInterpreter.java:186) ~[ApacheJMeter_core.jar:5.2.1]
	at org.apache.jmeter.functions.BeanShell.execute(BeanShell.java:100) [ApacheJMeter_functions.jar:5.2.1]
	at org.apache.jmeter.engine.util.CompoundVariable.execute(CompoundVariable.java:136) [ApacheJMeter_core.jar:5.2.1]
	at org.apache.jmeter.engine.util.CompoundVariable.execute(CompoundVariable.java:111) [ApacheJMeter_core.jar:5.2.1]
	at org.apache.jmeter.testelement.property.FunctionProperty.getStringValue(FunctionProperty.java:92) [ApacheJMeter_core.jar:5.2.1]
	at org.apache.jmeter.testelement.AbstractTestElement.getPropertyAsString(AbstractTestElement.java:281) [ApacheJMeter_core.jar:5.2.1]
	at org.apache.jmeter.config.Argument.getValue(Argument.java:146) [ApacheJMeter_core.jar:5.2.1]
	at org.apache.jmeter.config.Arguments.getArgumentsAsMap(Arguments.java:94) [ApacheJMeter_core.jar:5.2.1]
	at org.apache.jmeter.engine.PreCompiler.createArgumentsMap(PreCompiler.java:114) [ApacheJMeter_core.jar:5.2.1]
	at org.apache.jmeter.engine.PreCompiler.addNode(PreCompiler.java:101) [ApacheJMeter_core.jar:5.2.1]
	at org.apache.jorphan.collections.HashTree.traverseInto(HashTree.java:994) [jorphan.jar:5.2.1]
	at org.apache.jorphan.collections.HashTree.traverse(HashTree.java:977) [jorphan.jar:5.2.1]
	at org.apache.jmeter.engine.StandardJMeterEngine.run(StandardJMeterEngine.java:362) [ApacheJMeter_core.jar:5.2.1]
	at java.lang.Thread.run(Thread.java:834) [?:?]
Caused by: java.lang.reflect.InvocationTargetException
	at jdk.internal.reflect.GeneratedMethodAccessor72.invoke(Unknown Source) ~[?:?]
	at jdk.internal.reflect.DelegatingMethodAccessorImpl.invoke(DelegatingMethodAccessorImpl.java:43) ~[?:?]
	at java.lang.reflect.Method.invoke(Method.java:566) ~[?:?]
	at org.apache.jmeter.util.BeanShellInterpreter.bshInvoke(BeanShellInterpreter.java:163) ~[ApacheJMeter_core.jar:5.2.1]
	... 14 more
Caused by: bsh.ParseException: In file: inline evaluation of: ``import org.apache.jmeter.services.FileServer fileserver.getFileServer().getBaseD . . . '' Encountered "fileserver" at line 1, column 46.

	at bsh.Parser.generateParseException(Parser.java:6106) ~[bsh-2.0b6.jar:2.0b6 2016-02-05 05:16:19]
	at bsh.Parser.jj_consume_token(Parser.java:5977) ~[bsh-2.0b6.jar:2.0b6 2016-02-05 05:16:19]
	at bsh.Parser.ImportDeclaration(Parser.java:480) ~[bsh-2.0b6.jar:2.0b6 2016-02-05 05:16:19]
	at bsh.Parser.BlockStatement(Parser.java:2823) ~[bsh-2.0b6.jar:2.0b6 2016-02-05 05:16:19]
	at bsh.Parser.Line(Parser.java:172) ~[bsh-2.0b6.jar:2.0b6 2016-02-05 05:16:19]
	at bsh.Interpreter.Line(Interpreter.java:1011) ~[bsh-2.0b6.jar:2.0b6 2016-02-05 05:16:19]
	at bsh.Interpreter.eval(Interpreter.java:641) ~[bsh-2.0b6.jar:2.0b6 2016-02-05 05:16:19]
	at bsh.Interpreter.eval(Interpreter.java:750) ~[bsh-2.0b6.jar:2.0b6 2016-02-05 05:16:19]
	at bsh.Interpreter.eval(Interpreter.java:739) ~[bsh-2.0b6.jar:2.0b6 2016-02-05 05:16:19]
	at jdk.internal.reflect.GeneratedMethodAccessor72.invoke(Unknown Source) ~[?:?]
	at jdk.internal.reflect.DelegatingMethodAccessorImpl.invoke(DelegatingMethodAccessorImpl.java:43) ~[?:?]
	at java.lang.reflect.Method.invoke(Method.java:566) ~[?:?]
	at org.apache.jmeter.util.BeanShellInterpreter.bshInvoke(BeanShellInterpreter.java:163) ~[ApacheJMeter_core.jar:5.2.1]
	... 14 more
2020-04-19 13:40:01,940 ERROR o.a.j.p.j.c.DataSourceElement: JDBC data source already defined for: sampleReq
2020-04-19 13:40:01,940 INFO o.a.j.g.u.JMeterMenuBar: setRunning(true, *local*)
2020-04-19 13:40:01,941 INFO o.a.j.e.StandardJMeterEngine: Starting ThreadGroup: 1 : Thread Group
2020-04-19 13:40:01,941 INFO o.a.j.e.StandardJMeterEngine: Starting 1 threads for group Thread Group.
2020-04-19 13:40:01,948 INFO o.a.j.e.StandardJMeterEngine: Thread will continue on error
2020-04-19 13:40:01,949 INFO o.a.j.t.ThreadGroup: Starting thread group... number=1 threads=1 ramp-up=1 delayedStart=false
2020-04-19 13:40:01,956 INFO o.a.j.t.ThreadGroup: Started thread group number 1
2020-04-19 13:40:01,956 INFO o.a.j.e.StandardJMeterEngine: All thread groups have been started
2020-04-19 13:40:01,956 INFO o.a.j.t.JMeterThread: Thread started: Thread Group 1-1
2020-04-19 13:40:02,352 INFO o.a.j.t.JMeterThread: Thread is done: Thread Group 1-1
2020-04-19 13:40:02,352 INFO o.a.j.t.JMeterThread: Thread finished: Thread Group 1-1
2020-04-19 13:40:02,353 INFO o.a.j.e.StandardJMeterEngine: Starting tearDown thread groups
2020-04-19 13:40:02,353 INFO o.a.j.e.StandardJMeterEngine: Starting tearDown ThreadGroup: 1 : tearDown Thread Group
2020-04-19 13:40:02,353 INFO o.a.j.e.StandardJMeterEngine: Starting 1 threads for group tearDown Thread Group.
2020-04-19 13:40:02,353 INFO o.a.j.e.StandardJMeterEngine: Thread will continue on error
2020-04-19 13:40:02,353 INFO o.a.j.t.ThreadGroup: Starting thread group... number=1 threads=1 ramp-up=1 delayedStart=false
2020-04-19 13:40:02,353 INFO o.a.j.t.ThreadGroup: Started thread group number 1
2020-04-19 13:40:02,354 INFO o.a.j.t.JMeterThread: Thread started: tearDown Thread Group 1-1
2020-04-19 13:40:02,381 INFO o.a.j.t.JMeterThread: Thread is done: tearDown Thread Group 1-1
2020-04-19 13:40:02,381 INFO o.a.j.t.JMeterThread: Thread finished: tearDown Thread Group 1-1
2020-04-19 13:40:02,381 INFO o.a.j.e.StandardJMeterEngine: Notifying test listeners of end of test
2020-04-19 13:40:02,383 INFO o.a.j.g.u.JMeterMenuBar: setRunning(false, *local*)
